[0.115s] DEBUG:colcon:Command line arguments: ['/usr/bin/colcon', 'build']
[0.115s] DEBUG:colcon:Parsed command line arguments: Namespace(ament_cmake_args=None, base_paths=['.'], build_base='build', catkin_cmake_args=None, catkin_skip_building_tests=False, cmake_args=None, cmake_clean_cache=False, cmake_clean_first=False, cmake_force_configure=False, cmake_target=None, cmake_target_skip_unavailable=False, continue_on_error=False, event_handlers=None, executor='parallel', ignore_user_meta=False, install_base='install', log_base=None, log_level=None, main=<bound method BuildVerb.main of <colcon_core.verb.build.BuildVerb object at 0x7f4b1caea250>>, merge_install=False, metas=['./colcon.meta'], packages_above=None, packages_above_and_dependencies=None, packages_above_depth=None, packages_end=None, packages_ignore=None, packages_ignore_regex=None, packages_select=None, packages_select_build_failed=False, packages_select_by_dep=None, packages_select_regex=None, packages_select_test_failures=False, packages_skip=None, packages_skip_build_finished=False, packages_skip_by_dep=None, packages_skip_regex=None, packages_skip_test_passed=False, packages_skip_up_to=None, packages_start=None, packages_up_to=None, packages_up_to_regex=None, parallel_workers=8, paths=None, symlink_install=False, test_result_base=None, verb_extension=<colcon_core.verb.build.BuildVerb object at 0x7f4b1caea250>, verb_name='build', verb_parser=<colcon_defaults.argument_parser.defaults.DefaultArgumentsDecorator object at 0x7f4b1caea790>)
[0.119s] Level 1:colcon.colcon_core.package_discovery:discover_packages(colcon_meta) check parameters
[0.119s] Level 1:colcon.colcon_core.package_discovery:discover_packages(recursive) check parameters
[0.119s] Level 1:colcon.colcon_core.package_discovery:discover_packages(ignore) check parameters
[0.119s] Level 1:colcon.colcon_core.package_discovery:discover_packages(path) check parameters
[0.119s] Level 1:colcon.colcon_core.package_discovery:discover_packages(colcon_meta) discover
[0.119s] Level 1:colcon.colcon_core.package_discovery:discover_packages(recursive) discover
[0.119s] INFO:colcon.colcon_core.package_discovery:Crawling recursively for packages in '/home/mro/Documents/pwEiTI/ANRO/git/mrozowski/wr_ws'
[0.119s] Level 1:colcon.colcon_core.package_identification:_identify(.) by extensions ['ignore', 'ignore_ament_install']
[0.119s] Level 1:colcon.colcon_core.package_identification:_identify(.) by extension 'ignore'
[0.119s] Level 1:colcon.colcon_core.package_identification:_identify(.) by extension 'ignore_ament_install'
[0.119s] Level 1:colcon.colcon_core.package_identification:_identify(.) by extensions ['colcon_pkg']
[0.119s] Level 1:colcon.colcon_core.package_identification:_identify(.) by extension 'colcon_pkg'
[0.119s] Level 1:colcon.colcon_core.package_identification:_identify(.) by extensions ['colcon_meta']
[0.119s] Level 1:colcon.colcon_core.package_identification:_identify(.) by extension 'colcon_meta'
[0.119s] Level 1:colcon.colcon_core.package_identification:_identify(.) by extensions ['ros']
[0.119s] Level 1:colcon.colcon_core.package_identification:_identify(.) by extension 'ros'
[0.128s] Level 1:colcon.colcon_core.package_identification:_identify(.) by extensions ['cmake', 'python']
[0.128s] Level 1:colcon.colcon_core.package_identification:_identify(.) by extension 'cmake'
[0.128s] Level 1:colcon.colcon_core.package_identification:_identify(.) by extension 'python'
[0.128s] Level 1:colcon.colcon_core.package_identification:_identify(.) by extensions ['python_setup_py']
[0.128s] Level 1:colcon.colcon_core.package_identification:_identify(.) by extension 'python_setup_py'
[0.128s] Level 1:colcon.colcon_core.package_identification:_identify(build) by extensions ['ignore', 'ignore_ament_install']
[0.128s] Level 1:colcon.colcon_core.package_identification:_identify(build) by extension 'ignore'
[0.128s] Level 1:colcon.colcon_core.package_identification:_identify(build) ignored
[0.128s] Level 1:colcon.colcon_core.package_identification:_identify(install) by extensions ['ignore', 'ignore_ament_install']
[0.128s] Level 1:colcon.colcon_core.package_identification:_identify(install) by extension 'ignore'
[0.128s] Level 1:colcon.colcon_core.package_identification:_identify(install) ignored
[0.128s] Level 1:colcon.colcon_core.package_identification:_identify(log) by extensions ['ignore', 'ignore_ament_install']
[0.128s] Level 1:colcon.colcon_core.package_identification:_identify(log) by extension 'ignore'
[0.129s] Level 1:colcon.colcon_core.package_identification:_identify(log) ignored
[0.129s] Level 1:colcon.colcon_core.package_identification:_identify(src) by extensions ['ignore', 'ignore_ament_install']
[0.129s] Level 1:colcon.colcon_core.package_identification:_identify(src) by extension 'ignore'
[0.129s] Level 1:colcon.colcon_core.package_identification:_identify(src) by extension 'ignore_ament_install'
[0.129s] Level 1:colcon.colcon_core.package_identification:_identify(src) by extensions ['colcon_pkg']
[0.129s] Level 1:colcon.colcon_core.package_identification:_identify(src) by extension 'colcon_pkg'
[0.129s] Level 1:colcon.colcon_core.package_identification:_identify(src) by extensions ['colcon_meta']
[0.129s] Level 1:colcon.colcon_core.package_identification:_identify(src) by extension 'colcon_meta'
[0.129s] Level 1:colcon.colcon_core.package_identification:_identify(src) by extensions ['ros']
[0.129s] Level 1:colcon.colcon_core.package_identification:_identify(src) by extension 'ros'
[0.129s] Level 1:colcon.colcon_core.package_identification:_identify(src) by extensions ['cmake', 'python']
[0.129s] Level 1:colcon.colcon_core.package_identification:_identify(src) by extension 'cmake'
[0.129s] Level 1:colcon.colcon_core.package_identification:_identify(src) by extension 'python'
[0.129s] Level 1:colcon.colcon_core.package_identification:_identify(src) by extensions ['python_setup_py']
[0.129s] Level 1:colcon.colcon_core.package_identification:_identify(src) by extension 'python_setup_py'
[0.129s] Level 1:colcon.colcon_core.package_identification:_identify(src/ros_tutorials) by extensions ['ignore', 'ignore_ament_install']
[0.129s] Level 1:colcon.colcon_core.package_identification:_identify(src/ros_tutorials) by extension 'ignore'
[0.129s] Level 1:colcon.colcon_core.package_identification:_identify(src/ros_tutorials) by extension 'ignore_ament_install'
[0.129s] Level 1:colcon.colcon_core.package_identification:_identify(src/ros_tutorials) by extensions ['colcon_pkg']
[0.129s] Level 1:colcon.colcon_core.package_identification:_identify(src/ros_tutorials) by extension 'colcon_pkg'
[0.129s] Level 1:colcon.colcon_core.package_identification:_identify(src/ros_tutorials) by extensions ['colcon_meta']
[0.129s] Level 1:colcon.colcon_core.package_identification:_identify(src/ros_tutorials) by extension 'colcon_meta'
[0.129s] Level 1:colcon.colcon_core.package_identification:_identify(src/ros_tutorials) by extensions ['ros']
[0.129s] Level 1:colcon.colcon_core.package_identification:_identify(src/ros_tutorials) by extension 'ros'
[0.130s] Level 1:colcon.colcon_core.package_identification:_identify(src/ros_tutorials) by extensions ['cmake', 'python']
[0.130s] Level 1:colcon.colcon_core.package_identification:_identify(src/ros_tutorials) by extension 'cmake'
[0.130s] Level 1:colcon.colcon_core.package_identification:_identify(src/ros_tutorials) by extension 'python'
[0.130s] Level 1:colcon.colcon_core.package_identification:_identify(src/ros_tutorials) by extensions ['python_setup_py']
[0.130s] Level 1:colcon.colcon_core.package_identification:_identify(src/ros_tutorials) by extension 'python_setup_py'
[0.130s] Level 1:colcon.colcon_core.package_identification:_identify(src/ros_tutorials/ros_tutorials) by extensions ['ignore', 'ignore_ament_install']
[0.130s] Level 1:colcon.colcon_core.package_identification:_identify(src/ros_tutorials/ros_tutorials) by extension 'ignore'
[0.130s] Level 1:colcon.colcon_core.package_identification:_identify(src/ros_tutorials/ros_tutorials) ignored
[0.130s] Level 1:colcon.colcon_core.package_identification:_identify(src/ros_tutorials/roscpp_tutorials) by extensions ['ignore', 'ignore_ament_install']
[0.130s] Level 1:colcon.colcon_core.package_identification:_identify(src/ros_tutorials/roscpp_tutorials) by extension 'ignore'
[0.130s] Level 1:colcon.colcon_core.package_identification:_identify(src/ros_tutorials/roscpp_tutorials) ignored
[0.130s] Level 1:colcon.colcon_core.package_identification:_identify(src/ros_tutorials/rospy_tutorials) by extensions ['ignore', 'ignore_ament_install']
[0.130s] Level 1:colcon.colcon_core.package_identification:_identify(src/ros_tutorials/rospy_tutorials) by extension 'ignore'
[0.130s] Level 1:colcon.colcon_core.package_identification:_identify(src/ros_tutorials/rospy_tutorials) ignored
[0.130s] Level 1:colcon.colcon_core.package_identification:_identify(src/ros_tutorials/turtlesim) by extensions ['ignore', 'ignore_ament_install']
[0.130s] Level 1:colcon.colcon_core.package_identification:_identify(src/ros_tutorials/turtlesim) by extension 'ignore'
[0.130s] Level 1:colcon.colcon_core.package_identification:_identify(src/ros_tutorials/turtlesim) by extension 'ignore_ament_install'
[0.130s] Level 1:colcon.colcon_core.package_identification:_identify(src/ros_tutorials/turtlesim) by extensions ['colcon_pkg']
[0.130s] Level 1:colcon.colcon_core.package_identification:_identify(src/ros_tutorials/turtlesim) by extension 'colcon_pkg'
[0.130s] Level 1:colcon.colcon_core.package_identification:_identify(src/ros_tutorials/turtlesim) by extensions ['colcon_meta']
[0.130s] Level 1:colcon.colcon_core.package_identification:_identify(src/ros_tutorials/turtlesim) by extension 'colcon_meta'
[0.131s] Level 1:colcon.colcon_core.package_identification:_identify(src/ros_tutorials/turtlesim) by extensions ['ros']
[0.131s] Level 1:colcon.colcon_core.package_identification:_identify(src/ros_tutorials/turtlesim) by extension 'ros'
[0.133s] DEBUG:colcon.colcon_core.package_identification:Package 'src/ros_tutorials/turtlesim' with type 'ros.ament_cmake' and name 'turtlesim'
[0.133s] Level 1:colcon.colcon_core.package_discovery:discover_packages(recursive) using defaults
[0.133s] Level 1:colcon.colcon_core.package_discovery:discover_packages(ignore) discover
[0.133s] Level 1:colcon.colcon_core.package_discovery:discover_packages(ignore) using defaults
[0.133s] Level 1:colcon.colcon_core.package_discovery:discover_packages(path) discover
[0.133s] Level 1:colcon.colcon_core.package_discovery:discover_packages(path) using defaults
[0.148s] Level 5:colcon.colcon_core.verb:set package 'turtlesim' build argument 'cmake_args' from command line to 'None'
[0.148s] Level 5:colcon.colcon_core.verb:set package 'turtlesim' build argument 'cmake_target' from command line to 'None'
[0.148s] Level 5:colcon.colcon_core.verb:set package 'turtlesim' build argument 'cmake_target_skip_unavailable' from command line to 'False'
[0.148s] Level 5:colcon.colcon_core.verb:set package 'turtlesim' build argument 'cmake_clean_cache' from command line to 'False'
[0.148s] Level 5:colcon.colcon_core.verb:set package 'turtlesim' build argument 'cmake_clean_first' from command line to 'False'
[0.148s] Level 5:colcon.colcon_core.verb:set package 'turtlesim' build argument 'cmake_force_configure' from command line to 'False'
[0.148s] Level 5:colcon.colcon_core.verb:set package 'turtlesim' build argument 'ament_cmake_args' from command line to 'None'
[0.148s] Level 5:colcon.colcon_core.verb:set package 'turtlesim' build argument 'catkin_cmake_args' from command line to 'None'
[0.148s] Level 5:colcon.colcon_core.verb:set package 'turtlesim' build argument 'catkin_skip_building_tests' from command line to 'False'
[0.148s] DEBUG:colcon.colcon_core.verb:Building package 'turtlesim' with the following arguments: {'ament_cmake_args': None, 'build_base': '/home/mro/Documents/pwEiTI/ANRO/git/mrozowski/wr_ws/build/turtlesim', 'catkin_cmake_args': None, 'catkin_skip_building_tests': False, 'cmake_args': None, 'cmake_clean_cache': False, 'cmake_clean_first': False, 'cmake_force_configure': False, 'cmake_target': None, 'cmake_target_skip_unavailable': False, 'install_base': '/home/mro/Documents/pwEiTI/ANRO/git/mrozowski/wr_ws/install/turtlesim', 'merge_install': False, 'path': '/home/mro/Documents/pwEiTI/ANRO/git/mrozowski/wr_ws/src/ros_tutorials/turtlesim', 'symlink_install': False, 'test_result_base': None}
[0.148s] INFO:colcon.colcon_core.executor:Executing jobs using 'parallel' executor
[0.150s] DEBUG:colcon.colcon_parallel_executor.executor.parallel:run_until_complete
[0.150s] INFO:colcon.colcon_ros.task.ament_cmake.build:Building ROS package in '/home/mro/Documents/pwEiTI/ANRO/git/mrozowski/wr_ws/src/ros_tutorials/turtlesim' with build type 'ament_cmake'
[0.150s] INFO:colcon.colcon_cmake.task.cmake.build:Building CMake package in '/home/mro/Documents/pwEiTI/ANRO/git/mrozowski/wr_ws/src/ros_tutorials/turtlesim'
[0.153s] INFO:colcon.colcon_core.plugin_system:Skipping extension 'colcon_core.shell.bat': Not used on non-Windows systems
[0.153s] INFO:colcon.colcon_core.shell:Skip shell extension 'powershell' for command environment: Not usable outside of PowerShell
[0.153s] DEBUG:colcon.colcon_core.shell:Skip shell extension 'dsv' for command environment
[0.154s] DEBUG:colcon.colcon_core.shell:Ignoring prefix path '/opt/ros/foxy'
[0.161s] DEBUG:colcon.colcon_core.event_handler.log_command:Invoking command in '/home/mro/Documents/pwEiTI/ANRO/git/mrozowski/wr_ws/build/turtlesim': CMAKE_PREFIX_PATH=/opt/ros/foxy /usr/bin/cmake /home/mro/Documents/pwEiTI/ANRO/git/mrozowski/wr_ws/src/ros_tutorials/turtlesim -DCMAKE_INSTALL_PREFIX=/home/mro/Documents/pwEiTI/ANRO/git/mrozowski/wr_ws/install/turtlesim
[1.906s] DEBUG:colcon.colcon_core.event_handler.log_command:Invoked command in '/home/mro/Documents/pwEiTI/ANRO/git/mrozowski/wr_ws/build/turtlesim' returned '0': CMAKE_PREFIX_PATH=/opt/ros/foxy /usr/bin/cmake /home/mro/Documents/pwEiTI/ANRO/git/mrozowski/wr_ws/src/ros_tutorials/turtlesim -DCMAKE_INSTALL_PREFIX=/home/mro/Documents/pwEiTI/ANRO/git/mrozowski/wr_ws/install/turtlesim
[1.909s] DEBUG:colcon.colcon_core.event_handler.log_command:Invoking command in '/home/mro/Documents/pwEiTI/ANRO/git/mrozowski/wr_ws/build/turtlesim': CMAKE_PREFIX_PATH=/opt/ros/foxy /usr/bin/cmake --build /home/mro/Documents/pwEiTI/ANRO/git/mrozowski/wr_ws/build/turtlesim -- -j8 -l8
[16.532s] DEBUG:colcon.colcon_core.event_handler.log_command:Invoked command in '/home/mro/Documents/pwEiTI/ANRO/git/mrozowski/wr_ws/build/turtlesim' returned '0': CMAKE_PREFIX_PATH=/opt/ros/foxy /usr/bin/cmake --build /home/mro/Documents/pwEiTI/ANRO/git/mrozowski/wr_ws/build/turtlesim -- -j8 -l8
[16.651s] DEBUG:colcon.colcon_core.event_handler.log_command:Invoking command in '/home/mro/Documents/pwEiTI/ANRO/git/mrozowski/wr_ws/build/turtlesim': CMAKE_PREFIX_PATH=/opt/ros/foxy /usr/bin/cmake --install /home/mro/Documents/pwEiTI/ANRO/git/mrozowski/wr_ws/build/turtlesim
[16.720s] Level 1:colcon.colcon_core.environment:create_environment_scripts_only(turtlesim)
[16.721s] DEBUG:colcon.colcon_core.event_handler.log_command:Invoked command in '/home/mro/Documents/pwEiTI/ANRO/git/mrozowski/wr_ws/build/turtlesim' returned '0': CMAKE_PREFIX_PATH=/opt/ros/foxy /usr/bin/cmake --install /home/mro/Documents/pwEiTI/ANRO/git/mrozowski/wr_ws/build/turtlesim
[16.723s] Level 1:colcon.colcon_core.environment:checking '/home/mro/Documents/pwEiTI/ANRO/git/mrozowski/wr_ws/install/turtlesim' for CMake module files
[16.724s] Level 1:colcon.colcon_core.environment:checking '/home/mro/Documents/pwEiTI/ANRO/git/mrozowski/wr_ws/install/turtlesim' for CMake config files
[16.724s] Level 1:colcon.colcon_core.shell:create_environment_hook('turtlesim', 'cmake_prefix_path')
[16.725s] INFO:colcon.colcon_core.shell:Creating environment hook '/home/mro/Documents/pwEiTI/ANRO/git/mrozowski/wr_ws/install/turtlesim/share/turtlesim/hook/cmake_prefix_path.ps1'
[16.725s] INFO:colcon.colcon_core.shell:Creating environment descriptor '/home/mro/Documents/pwEiTI/ANRO/git/mrozowski/wr_ws/install/turtlesim/share/turtlesim/hook/cmake_prefix_path.dsv'
[16.726s] INFO:colcon.colcon_core.shell:Creating environment hook '/home/mro/Documents/pwEiTI/ANRO/git/mrozowski/wr_ws/install/turtlesim/share/turtlesim/hook/cmake_prefix_path.sh'
[16.727s] Level 1:colcon.colcon_core.environment:checking '/home/mro/Documents/pwEiTI/ANRO/git/mrozowski/wr_ws/install/turtlesim/lib'
[16.727s] Level 1:colcon.colcon_core.shell:create_environment_hook('turtlesim', 'ld_library_path_lib')
[16.727s] INFO:colcon.colcon_core.shell:Creating environment hook '/home/mro/Documents/pwEiTI/ANRO/git/mrozowski/wr_ws/install/turtlesim/share/turtlesim/hook/ld_library_path_lib.ps1'
[16.727s] INFO:colcon.colcon_core.shell:Creating environment descriptor '/home/mro/Documents/pwEiTI/ANRO/git/mrozowski/wr_ws/install/turtlesim/share/turtlesim/hook/ld_library_path_lib.dsv'
[16.728s] INFO:colcon.colcon_core.shell:Creating environment hook '/home/mro/Documents/pwEiTI/ANRO/git/mrozowski/wr_ws/install/turtlesim/share/turtlesim/hook/ld_library_path_lib.sh'
[16.728s] Level 1:colcon.colcon_core.environment:checking '/home/mro/Documents/pwEiTI/ANRO/git/mrozowski/wr_ws/install/turtlesim/bin'
[16.728s] Level 1:colcon.colcon_core.environment:checking '/home/mro/Documents/pwEiTI/ANRO/git/mrozowski/wr_ws/install/turtlesim/lib/pkgconfig/turtlesim.pc'
[16.728s] Level 1:colcon.colcon_core.environment:checking '/home/mro/Documents/pwEiTI/ANRO/git/mrozowski/wr_ws/install/turtlesim/lib/python3.8/site-packages'
[16.728s] Level 1:colcon.colcon_core.shell:create_environment_hook('turtlesim', 'pythonpath')
[16.728s] INFO:colcon.colcon_core.shell:Creating environment hook '/home/mro/Documents/pwEiTI/ANRO/git/mrozowski/wr_ws/install/turtlesim/share/turtlesim/hook/pythonpath.ps1'
[16.729s] INFO:colcon.colcon_core.shell:Creating environment descriptor '/home/mro/Documents/pwEiTI/ANRO/git/mrozowski/wr_ws/install/turtlesim/share/turtlesim/hook/pythonpath.dsv'
[16.729s] INFO:colcon.colcon_core.shell:Creating environment hook '/home/mro/Documents/pwEiTI/ANRO/git/mrozowski/wr_ws/install/turtlesim/share/turtlesim/hook/pythonpath.sh'
[16.730s] INFO:colcon.colcon_core.shell:Creating package script '/home/mro/Documents/pwEiTI/ANRO/git/mrozowski/wr_ws/install/turtlesim/share/turtlesim/package.ps1'
[16.730s] INFO:colcon.colcon_core.shell:Creating package descriptor '/home/mro/Documents/pwEiTI/ANRO/git/mrozowski/wr_ws/install/turtlesim/share/turtlesim/package.dsv'
[16.731s] INFO:colcon.colcon_core.shell:Creating package script '/home/mro/Documents/pwEiTI/ANRO/git/mrozowski/wr_ws/install/turtlesim/share/turtlesim/package.sh'
[16.731s] INFO:colcon.colcon_core.shell:Creating package script '/home/mro/Documents/pwEiTI/ANRO/git/mrozowski/wr_ws/install/turtlesim/share/turtlesim/package.bash'
[16.732s] INFO:colcon.colcon_core.shell:Creating package script '/home/mro/Documents/pwEiTI/ANRO/git/mrozowski/wr_ws/install/turtlesim/share/turtlesim/package.zsh'
[16.732s] Level 1:colcon.colcon_core.environment:create_file_with_runtime_dependencies(/home/mro/Documents/pwEiTI/ANRO/git/mrozowski/wr_ws/install/turtlesim/share/colcon-core/packages/turtlesim)
[16.841s] Level 1:colcon.colcon_core.environment:create_environment_scripts_only(turtlesim)
[16.842s] Level 1:colcon.colcon_core.environment:checking '/home/mro/Documents/pwEiTI/ANRO/git/mrozowski/wr_ws/install/turtlesim' for CMake module files
[16.843s] Level 1:colcon.colcon_core.environment:checking '/home/mro/Documents/pwEiTI/ANRO/git/mrozowski/wr_ws/install/turtlesim' for CMake config files
[16.843s] Level 1:colcon.colcon_core.shell:create_environment_hook('turtlesim', 'cmake_prefix_path')
[16.844s] INFO:colcon.colcon_core.shell:Creating environment hook '/home/mro/Documents/pwEiTI/ANRO/git/mrozowski/wr_ws/install/turtlesim/share/turtlesim/hook/cmake_prefix_path.ps1'
[16.844s] INFO:colcon.colcon_core.shell:Creating environment descriptor '/home/mro/Documents/pwEiTI/ANRO/git/mrozowski/wr_ws/install/turtlesim/share/turtlesim/hook/cmake_prefix_path.dsv'
[16.844s] INFO:colcon.colcon_core.shell:Creating environment hook '/home/mro/Documents/pwEiTI/ANRO/git/mrozowski/wr_ws/install/turtlesim/share/turtlesim/hook/cmake_prefix_path.sh'
[16.845s] Level 1:colcon.colcon_core.environment:checking '/home/mro/Documents/pwEiTI/ANRO/git/mrozowski/wr_ws/install/turtlesim/lib'
[16.845s] Level 1:colcon.colcon_core.shell:create_environment_hook('turtlesim', 'ld_library_path_lib')
[16.845s] INFO:colcon.colcon_core.shell:Creating environment hook '/home/mro/Documents/pwEiTI/ANRO/git/mrozowski/wr_ws/install/turtlesim/share/turtlesim/hook/ld_library_path_lib.ps1'
[16.845s] INFO:colcon.colcon_core.shell:Creating environment descriptor '/home/mro/Documents/pwEiTI/ANRO/git/mrozowski/wr_ws/install/turtlesim/share/turtlesim/hook/ld_library_path_lib.dsv'
[16.846s] INFO:colcon.colcon_core.shell:Creating environment hook '/home/mro/Documents/pwEiTI/ANRO/git/mrozowski/wr_ws/install/turtlesim/share/turtlesim/hook/ld_library_path_lib.sh'
[16.846s] Level 1:colcon.colcon_core.environment:checking '/home/mro/Documents/pwEiTI/ANRO/git/mrozowski/wr_ws/install/turtlesim/bin'
[16.846s] Level 1:colcon.colcon_core.environment:checking '/home/mro/Documents/pwEiTI/ANRO/git/mrozowski/wr_ws/install/turtlesim/lib/pkgconfig/turtlesim.pc'
[16.846s] Level 1:colcon.colcon_core.environment:checking '/home/mro/Documents/pwEiTI/ANRO/git/mrozowski/wr_ws/install/turtlesim/lib/python3.8/site-packages'
[16.846s] Level 1:colcon.colcon_core.shell:create_environment_hook('turtlesim', 'pythonpath')
[16.846s] INFO:colcon.colcon_core.shell:Creating environment hook '/home/mro/Documents/pwEiTI/ANRO/git/mrozowski/wr_ws/install/turtlesim/share/turtlesim/hook/pythonpath.ps1'
[16.847s] INFO:colcon.colcon_core.shell:Creating environment descriptor '/home/mro/Documents/pwEiTI/ANRO/git/mrozowski/wr_ws/install/turtlesim/share/turtlesim/hook/pythonpath.dsv'
[16.847s] INFO:colcon.colcon_core.shell:Creating environment hook '/home/mro/Documents/pwEiTI/ANRO/git/mrozowski/wr_ws/install/turtlesim/share/turtlesim/hook/pythonpath.sh'
[16.848s] INFO:colcon.colcon_core.shell:Creating package script '/home/mro/Documents/pwEiTI/ANRO/git/mrozowski/wr_ws/install/turtlesim/share/turtlesim/package.ps1'
[16.848s] INFO:colcon.colcon_core.shell:Creating package descriptor '/home/mro/Documents/pwEiTI/ANRO/git/mrozowski/wr_ws/install/turtlesim/share/turtlesim/package.dsv'
[16.848s] INFO:colcon.colcon_core.shell:Creating package script '/home/mro/Documents/pwEiTI/ANRO/git/mrozowski/wr_ws/install/turtlesim/share/turtlesim/package.sh'
[16.849s] INFO:colcon.colcon_core.shell:Creating package script '/home/mro/Documents/pwEiTI/ANRO/git/mrozowski/wr_ws/install/turtlesim/share/turtlesim/package.bash'
[16.849s] INFO:colcon.colcon_core.shell:Creating package script '/home/mro/Documents/pwEiTI/ANRO/git/mrozowski/wr_ws/install/turtlesim/share/turtlesim/package.zsh'
[16.849s] Level 1:colcon.colcon_core.environment:create_file_with_runtime_dependencies(/home/mro/Documents/pwEiTI/ANRO/git/mrozowski/wr_ws/install/turtlesim/share/colcon-core/packages/turtlesim)
[16.850s] DEBUG:colcon.colcon_parallel_executor.executor.parallel:closing loop
[16.850s] DEBUG:colcon.colcon_parallel_executor.executor.parallel:loop closed
[16.850s] DEBUG:colcon.colcon_parallel_executor.executor.parallel:run_until_complete finished with '0'
[16.850s] DEBUG:colcon.colcon_core.event_reactor:joining thread
[16.856s] INFO:colcon.colcon_core.plugin_system:Skipping extension 'colcon_notification.desktop_notification.terminal_notifier': Not used on non-Darwin systems
[16.856s] INFO:colcon.colcon_core.plugin_system:Skipping extension 'colcon_notification.desktop_notification.win32': Not used on non-Windows systems
[16.856s] INFO:colcon.colcon_notification.desktop_notification:Sending desktop notification using 'notify2'
[16.868s] DEBUG:colcon.colcon_core.event_reactor:joined thread
[16.869s] INFO:colcon.colcon_core.shell:Creating prefix script '/home/mro/Documents/pwEiTI/ANRO/git/mrozowski/wr_ws/install/local_setup.ps1'
[16.870s] INFO:colcon.colcon_core.shell:Creating prefix util module '/home/mro/Documents/pwEiTI/ANRO/git/mrozowski/wr_ws/install/_local_setup_util_ps1.py'
[16.871s] INFO:colcon.colcon_core.shell:Creating prefix chain script '/home/mro/Documents/pwEiTI/ANRO/git/mrozowski/wr_ws/install/setup.ps1'
[16.872s] INFO:colcon.colcon_core.shell:Creating prefix script '/home/mro/Documents/pwEiTI/ANRO/git/mrozowski/wr_ws/install/local_setup.sh'
[16.873s] INFO:colcon.colcon_core.shell:Creating prefix util module '/home/mro/Documents/pwEiTI/ANRO/git/mrozowski/wr_ws/install/_local_setup_util_sh.py'
[16.873s] INFO:colcon.colcon_core.shell:Creating prefix chain script '/home/mro/Documents/pwEiTI/ANRO/git/mrozowski/wr_ws/install/setup.sh'
[16.875s] INFO:colcon.colcon_core.shell:Creating prefix script '/home/mro/Documents/pwEiTI/ANRO/git/mrozowski/wr_ws/install/local_setup.bash'
[16.875s] INFO:colcon.colcon_core.shell:Creating prefix chain script '/home/mro/Documents/pwEiTI/ANRO/git/mrozowski/wr_ws/install/setup.bash'
[16.876s] INFO:colcon.colcon_core.shell:Creating prefix script '/home/mro/Documents/pwEiTI/ANRO/git/mrozowski/wr_ws/install/local_setup.zsh'
[16.877s] INFO:colcon.colcon_core.shell:Creating prefix chain script '/home/mro/Documents/pwEiTI/ANRO/git/mrozowski/wr_ws/install/setup.zsh'
