[0.016s] Invoking command in '/home/mro/Documents/pwEiTI/ANRO/git/mrozowski/wr_ws/build/my_package': CMAKE_PREFIX_PATH=/opt/ros/foxy /usr/bin/cmake --build /home/mro/Documents/pwEiTI/ANRO/git/mrozowski/wr_ws/build/my_package -- -j8 -l8
[0.055s] [100%] Built target my_teleop_key
[0.064s] Invoked command in '/home/mro/Documents/pwEiTI/ANRO/git/mrozowski/wr_ws/build/my_package' returned '0': CMAKE_PREFIX_PATH=/opt/ros/foxy /usr/bin/cmake --build /home/mro/Documents/pwEiTI/ANRO/git/mrozowski/wr_ws/build/my_package -- -j8 -l8
[0.093s] Invoking command in '/home/mro/Documents/pwEiTI/ANRO/git/mrozowski/wr_ws/build/my_package': CMAKE_PREFIX_PATH=/opt/ros/foxy /usr/bin/cmake --install /home/mro/Documents/pwEiTI/ANRO/git/mrozowski/wr_ws/build/my_package
[0.100s] -- Install configuration: ""
[0.100s] -- Up-to-date: /home/mro/Documents/pwEiTI/ANRO/git/mrozowski/wr_ws/install/my_package/lib/my_package/my_teleop_key
[0.100s] -- Up-to-date: /home/mro/Documents/pwEiTI/ANRO/git/mrozowski/wr_ws/install/my_package/share/ament_index/resource_index/package_run_dependencies/my_package
[0.100s] -- Up-to-date: /home/mro/Documents/pwEiTI/ANRO/git/mrozowski/wr_ws/install/my_package/share/ament_index/resource_index/parent_prefix_path/my_package
[0.100s] -- Up-to-date: /home/mro/Documents/pwEiTI/ANRO/git/mrozowski/wr_ws/install/my_package/share/my_package/environment/ament_prefix_path.sh
[0.100s] -- Up-to-date: /home/mro/Documents/pwEiTI/ANRO/git/mrozowski/wr_ws/install/my_package/share/my_package/environment/ament_prefix_path.dsv
[0.100s] -- Up-to-date: /home/mro/Documents/pwEiTI/ANRO/git/mrozowski/wr_ws/install/my_package/share/my_package/environment/path.sh
[0.100s] -- Up-to-date: /home/mro/Documents/pwEiTI/ANRO/git/mrozowski/wr_ws/install/my_package/share/my_package/environment/path.dsv
[0.101s] -- Up-to-date: /home/mro/Documents/pwEiTI/ANRO/git/mrozowski/wr_ws/install/my_package/share/my_package/local_setup.bash
[0.101s] -- Up-to-date: /home/mro/Documents/pwEiTI/ANRO/git/mrozowski/wr_ws/install/my_package/share/my_package/local_setup.sh
[0.101s] -- Up-to-date: /home/mro/Documents/pwEiTI/ANRO/git/mrozowski/wr_ws/install/my_package/share/my_package/local_setup.zsh
[0.101s] -- Up-to-date: /home/mro/Documents/pwEiTI/ANRO/git/mrozowski/wr_ws/install/my_package/share/my_package/local_setup.dsv
[0.101s] -- Installing: /home/mro/Documents/pwEiTI/ANRO/git/mrozowski/wr_ws/install/my_package/share/my_package/package.dsv
[0.101s] -- Up-to-date: /home/mro/Documents/pwEiTI/ANRO/git/mrozowski/wr_ws/install/my_package/share/ament_index/resource_index/packages/my_package
[0.101s] -- Up-to-date: /home/mro/Documents/pwEiTI/ANRO/git/mrozowski/wr_ws/install/my_package/share/my_package/cmake/my_packageConfig.cmake
[0.102s] -- Up-to-date: /home/mro/Documents/pwEiTI/ANRO/git/mrozowski/wr_ws/install/my_package/share/my_package/cmake/my_packageConfig-version.cmake
[0.103s] -- Up-to-date: /home/mro/Documents/pwEiTI/ANRO/git/mrozowski/wr_ws/install/my_package/share/my_package/package.xml
[0.103s] Invoked command in '/home/mro/Documents/pwEiTI/ANRO/git/mrozowski/wr_ws/build/my_package' returned '0': CMAKE_PREFIX_PATH=/opt/ros/foxy /usr/bin/cmake --install /home/mro/Documents/pwEiTI/ANRO/git/mrozowski/wr_ws/build/my_package
