[0.010s] Invoking command in '/home/mro/Documents/pwEiTI/ANRO/git/mrozowski/wr_ws/build/turtlesim': CMAKE_PREFIX_PATH=/opt/ros/foxy /usr/bin/cmake /home/mro/Documents/pwEiTI/ANRO/git/mrozowski/wr_ws/src/ros_tutorials/turtlesim -DCMAKE_INSTALL_PREFIX=/home/mro/Documents/pwEiTI/ANRO/git/mrozowski/wr_ws/install/turtlesim
[0.051s] -- The C compiler identification is GNU 9.3.0
[0.092s] -- The CXX compiler identification is GNU 9.3.0
[0.095s] -- Check for working C compiler: /usr/bin/cc
[0.147s] -- Check for working C compiler: /usr/bin/cc -- works
[0.148s] -- Detecting C compiler ABI info
[0.199s] -- Detecting C compiler ABI info - done
[0.209s] -- Detecting C compile features
[0.209s] -- Detecting C compile features - done
[0.211s] -- Check for working CXX compiler: /usr/bin/c++
[0.270s] -- Check for working CXX compiler: /usr/bin/c++ -- works
[0.271s] -- Detecting CXX compiler ABI info
[0.331s] -- Detecting CXX compiler ABI info - done
[0.341s] -- Detecting CXX compile features
[0.341s] -- Detecting CXX compile features - done
[0.346s] -- Found ament_cmake: 0.9.8 (/opt/ros/foxy/share/ament_cmake/cmake)
[0.367s] -- Found PythonInterp: /usr/bin/python3 (found suitable version "3.8.5", minimum required is "3") 
[0.367s] -- Using PYTHON_EXECUTABLE: /usr/bin/python3
[0.529s] -- Found ament_index_cpp: 1.0.2 (/opt/ros/foxy/share/ament_index_cpp/cmake)
[0.533s] -- Found geometry_msgs: 2.0.3 (/opt/ros/foxy/share/geometry_msgs/cmake)
[0.562s] -- Using all available rosidl_typesupport_c: rosidl_typesupport_fastrtps_c;rosidl_typesupport_introspection_c
[0.568s] -- Found rosidl_adapter: 1.2.0 (/opt/ros/foxy/share/rosidl_adapter/cmake)
[0.624s] -- Found OpenSSL: /usr/lib/x86_64-linux-gnu/libcrypto.so (found version "1.1.1f")  
[0.647s] -- Found FastRTPS: /opt/ros/foxy/include  
[0.715s] -- Using all available rosidl_typesupport_cpp: rosidl_typesupport_fastrtps_cpp;rosidl_typesupport_introspection_cpp
[0.799s] -- Found rclcpp: 2.3.0 (/opt/ros/foxy/share/rclcpp/cmake)
[0.842s] -- Found rmw_implementation_cmake: 1.0.2 (/opt/ros/foxy/share/rmw_implementation_cmake/cmake)
[0.843s] -- Using RMW implementation 'rmw_fastrtps_cpp' as default
[0.844s] -- Looking for pthread.h
[0.898s] -- Looking for pthread.h - found
[0.899s] -- Performing Test CMAKE_HAVE_LIBC_PTHREAD
[0.954s] -- Performing Test CMAKE_HAVE_LIBC_PTHREAD - Failed
[0.954s] -- Looking for pthread_create in pthreads
[0.997s] -- Looking for pthread_create in pthreads - not found
[0.997s] -- Looking for pthread_create in pthread
[1.050s] -- Looking for pthread_create in pthread - found
[1.051s] -- Found Threads: TRUE  
[1.176s] -- Found rclcpp_action: 2.3.0 (/opt/ros/foxy/share/rclcpp_action/cmake)
[1.247s] -- Found rosidl_default_generators: 1.0.0 (/opt/ros/foxy/share/rosidl_default_generators/cmake)
[1.258s] -- Found std_srvs: 2.0.3 (/opt/ros/foxy/share/std_srvs/cmake)
[1.285s] -- Found PythonInterp: /usr/bin/python3 (found version "3.8.5") 
[1.430s] -- Found ament_cmake_ros: 0.9.1 (/opt/ros/foxy/share/ament_cmake_ros/cmake)
[1.534s] -- Using all available rosidl_typesupport_c: rosidl_typesupport_fastrtps_c;rosidl_typesupport_introspection_c
[1.555s] -- Using all available rosidl_typesupport_cpp: rosidl_typesupport_fastrtps_cpp;rosidl_typesupport_introspection_cpp
[1.575s] -- Found PythonInterp: /usr/bin/python3 (found suitable version "3.8.5", minimum required is "3.5") 
[1.576s] -- Found python_cmake_module: 0.8.0 (/opt/ros/foxy/share/python_cmake_module/cmake)
[1.597s] -- Found PythonLibs: /usr/lib/x86_64-linux-gnu/libpython3.8.so (found suitable version "3.8.5", minimum required is "3.5") 
[1.597s] -- Using PYTHON_EXECUTABLE: /usr/bin/python3
[1.597s] -- Using PYTHON_INCLUDE_DIRS: /usr/include/python3.8
[1.597s] -- Using PYTHON_LIBRARIES: /usr/lib/x86_64-linux-gnu/libpython3.8.so
[1.613s] -- Found PythonExtra: .so  
[1.670s] -- Configuring done
[1.745s] -- Generating done
[1.747s] -- Build files have been written to: /home/mro/Documents/pwEiTI/ANRO/git/mrozowski/wr_ws/build/turtlesim
[1.755s] Invoked command in '/home/mro/Documents/pwEiTI/ANRO/git/mrozowski/wr_ws/build/turtlesim' returned '0': CMAKE_PREFIX_PATH=/opt/ros/foxy /usr/bin/cmake /home/mro/Documents/pwEiTI/ANRO/git/mrozowski/wr_ws/src/ros_tutorials/turtlesim -DCMAKE_INSTALL_PREFIX=/home/mro/Documents/pwEiTI/ANRO/git/mrozowski/wr_ws/install/turtlesim
[1.758s] Invoking command in '/home/mro/Documents/pwEiTI/ANRO/git/mrozowski/wr_ws/build/turtlesim': CMAKE_PREFIX_PATH=/opt/ros/foxy /usr/bin/cmake --build /home/mro/Documents/pwEiTI/ANRO/git/mrozowski/wr_ws/build/turtlesim -- -j8 -l8
[1.791s] [  1%] [34m[1mGenerating C code for ROS interfaces[0m
[1.791s] [35m[1mScanning dependencies of target turtlesim__cpp[0m
[1.800s] [  2%] [34m[1mGenerating C++ code for ROS interfaces[0m
[2.454s] [  2%] Built target turtlesim__cpp
[2.466s] [  4%] [34m[1mGenerating C++ type support for eProsima Fast-RTPS[0m
[2.466s] [  4%] [34m[1mGenerating C++ type support dispatch for ROS interfaces[0m
[2.466s] [  5%] [34m[1mGenerating C++ introspection for ROS interfaces[0m
[2.479s] [35m[1mScanning dependencies of target turtlesim__rosidl_generator_c[0m
[2.496s] [ 10%] [32mBuilding C object CMakeFiles/turtlesim__rosidl_generator_c.dir/rosidl_generator_c/turtlesim/msg/detail/color__functions.c.o[0m
[2.496s] [ 10%] [32mBuilding C object CMakeFiles/turtlesim__rosidl_generator_c.dir/rosidl_generator_c/turtlesim/srv/detail/set_pen__functions.c.o[0m
[2.496s] [ 10%] [32mBuilding C object CMakeFiles/turtlesim__rosidl_generator_c.dir/rosidl_generator_c/turtlesim/action/detail/rotate_absolute__functions.c.o[0m
[2.496s] [ 10%] [32mBuilding C object CMakeFiles/turtlesim__rosidl_generator_c.dir/rosidl_generator_c/turtlesim/msg/detail/pose__functions.c.o[0m
[2.497s] [ 10%] [32mBuilding C object CMakeFiles/turtlesim__rosidl_generator_c.dir/rosidl_generator_c/turtlesim/srv/detail/kill__functions.c.o[0m
[2.546s] [ 11%] [32mBuilding C object CMakeFiles/turtlesim__rosidl_generator_c.dir/rosidl_generator_c/turtlesim/srv/detail/spawn__functions.c.o[0m
[2.550s] [ 12%] [32mBuilding C object CMakeFiles/turtlesim__rosidl_generator_c.dir/rosidl_generator_c/turtlesim/srv/detail/teleport_absolute__functions.c.o[0m
[2.550s] [ 13%] [32mBuilding C object CMakeFiles/turtlesim__rosidl_generator_c.dir/rosidl_generator_c/turtlesim/srv/detail/teleport_relative__functions.c.o[0m
[2.599s] [ 14%] [32m[1mLinking C shared library libturtlesim__rosidl_generator_c.so[0m
[2.638s] [ 14%] Built target turtlesim__rosidl_generator_c
[2.647s] [ 15%] [34m[1mGenerating C introspection for ROS interfaces[0m
[2.649s] [ 16%] [34m[1mGenerating C type support dispatch for ROS interfaces[0m
[2.920s] [35m[1mScanning dependencies of target turtlesim__rosidl_typesupport_cpp[0m
[2.942s] [ 20%] [32mBuilding CXX object CMakeFiles/turtlesim__rosidl_typesupport_cpp.dir/rosidl_typesupport_cpp/turtlesim/srv/kill__type_support.cpp.o[0m
[2.942s] [ 20%] [32mBuilding CXX object CMakeFiles/turtlesim__rosidl_typesupport_cpp.dir/rosidl_typesupport_cpp/turtlesim/msg/color__type_support.cpp.o[0m
[2.942s] [ 20%] [32mBuilding CXX object CMakeFiles/turtlesim__rosidl_typesupport_cpp.dir/rosidl_typesupport_cpp/turtlesim/msg/pose__type_support.cpp.o[0m
[2.942s] [ 20%] [32mBuilding CXX object CMakeFiles/turtlesim__rosidl_typesupport_cpp.dir/rosidl_typesupport_cpp/turtlesim/action/rotate_absolute__type_support.cpp.o[0m
[3.332s] [ 21%] [32mBuilding CXX object CMakeFiles/turtlesim__rosidl_typesupport_cpp.dir/rosidl_typesupport_cpp/turtlesim/srv/set_pen__type_support.cpp.o[0m
[3.332s] [ 22%] [32mBuilding CXX object CMakeFiles/turtlesim__rosidl_typesupport_cpp.dir/rosidl_typesupport_cpp/turtlesim/srv/spawn__type_support.cpp.o[0m
[3.388s] [35m[1mScanning dependencies of target turtlesim__rosidl_typesupport_c[0m
[3.410s] [ 23%] [32mBuilding CXX object CMakeFiles/turtlesim__rosidl_typesupport_cpp.dir/rosidl_typesupport_cpp/turtlesim/srv/teleport_absolute__type_support.cpp.o[0m
[3.417s] [ 24%] [32mBuilding CXX object CMakeFiles/turtlesim__rosidl_typesupport_c.dir/rosidl_typesupport_c/turtlesim/action/rotate_absolute__type_support.cpp.o[0m
[3.418s] [35m[1mScanning dependencies of target turtlesim__rosidl_typesupport_introspection_cpp[0m
[3.431s] [35m[1mScanning dependencies of target turtlesim__rosidl_typesupport_fastrtps_cpp[0m
[3.435s] [ 25%] [32mBuilding CXX object CMakeFiles/turtlesim__rosidl_typesupport_c.dir/rosidl_typesupport_c/turtlesim/msg/color__type_support.cpp.o[0m
[3.446s] [ 26%] [32mBuilding CXX object CMakeFiles/turtlesim__rosidl_typesupport_introspection_cpp.dir/rosidl_typesupport_introspection_cpp/turtlesim/action/detail/rotate_absolute__type_support.cpp.o[0m
[3.478s] [ 27%] [32mBuilding CXX object CMakeFiles/turtlesim__rosidl_typesupport_c.dir/rosidl_typesupport_c/turtlesim/msg/pose__type_support.cpp.o[0m
[3.490s] [ 28%] [32mBuilding CXX object CMakeFiles/turtlesim__rosidl_typesupport_introspection_cpp.dir/rosidl_typesupport_introspection_cpp/turtlesim/msg/detail/color__type_support.cpp.o[0m
[3.500s] [ 29%] [32mBuilding CXX object CMakeFiles/turtlesim__rosidl_typesupport_fastrtps_cpp.dir/rosidl_typesupport_fastrtps_cpp/turtlesim/action/detail/dds_fastrtps/rotate_absolute__type_support.cpp.o[0m
[3.527s] [ 30%] [32mBuilding CXX object CMakeFiles/turtlesim__rosidl_typesupport_c.dir/rosidl_typesupport_c/turtlesim/srv/kill__type_support.cpp.o[0m
[3.548s] [35m[1mScanning dependencies of target turtlesim__rosidl_typesupport_introspection_c[0m
[3.568s] [ 31%] [32mBuilding CXX object CMakeFiles/turtlesim__rosidl_typesupport_c.dir/rosidl_typesupport_c/turtlesim/srv/set_pen__type_support.cpp.o[0m
[3.589s] [ 32%] [32mBuilding C object CMakeFiles/turtlesim__rosidl_typesupport_introspection_c.dir/rosidl_typesupport_introspection_c/turtlesim/action/detail/rotate_absolute__type_support.c.o[0m
[3.610s] [ 33%] [32mBuilding CXX object CMakeFiles/turtlesim__rosidl_typesupport_c.dir/rosidl_typesupport_c/turtlesim/srv/spawn__type_support.cpp.o[0m
[3.655s] [ 34%] [32mBuilding C object CMakeFiles/turtlesim__rosidl_typesupport_introspection_c.dir/rosidl_typesupport_introspection_c/turtlesim/msg/detail/color__type_support.c.o[0m
[3.658s] [ 35%] [32mBuilding CXX object CMakeFiles/turtlesim__rosidl_typesupport_c.dir/rosidl_typesupport_c/turtlesim/srv/teleport_absolute__type_support.cpp.o[0m
[3.697s] [ 36%] [32mBuilding C object CMakeFiles/turtlesim__rosidl_typesupport_introspection_c.dir/rosidl_typesupport_introspection_c/turtlesim/msg/detail/pose__type_support.c.o[0m
[3.702s] [ 37%] [32mBuilding CXX object CMakeFiles/turtlesim__rosidl_typesupport_c.dir/rosidl_typesupport_c/turtlesim/srv/teleport_relative__type_support.cpp.o[0m
[3.740s] [ 38%] [32mBuilding CXX object CMakeFiles/turtlesim__rosidl_typesupport_fastrtps_cpp.dir/rosidl_typesupport_fastrtps_cpp/turtlesim/msg/detail/dds_fastrtps/color__type_support.cpp.o[0m
[3.742s] [ 39%] [32mBuilding C object CMakeFiles/turtlesim__rosidl_typesupport_introspection_c.dir/rosidl_typesupport_introspection_c/turtlesim/srv/detail/kill__type_support.c.o[0m
[3.743s] [ 40%] [32mBuilding CXX object CMakeFiles/turtlesim__rosidl_typesupport_cpp.dir/rosidl_typesupport_cpp/turtlesim/srv/teleport_relative__type_support.cpp.o[0m
[3.751s] [ 41%] [32m[1mLinking CXX shared library libturtlesim__rosidl_typesupport_c.so[0m
[3.792s] [ 42%] [32mBuilding C object CMakeFiles/turtlesim__rosidl_typesupport_introspection_c.dir/rosidl_typesupport_introspection_c/turtlesim/srv/detail/set_pen__type_support.c.o[0m
[3.801s] [ 42%] Built target turtlesim__rosidl_typesupport_c
[3.812s] [ 44%] [32mBuilding C object CMakeFiles/turtlesim__rosidl_typesupport_introspection_c.dir/rosidl_typesupport_introspection_c/turtlesim/srv/detail/spawn__type_support.c.o[0m
[3.812s] [ 44%] [32mBuilding C object CMakeFiles/turtlesim__rosidl_typesupport_introspection_c.dir/rosidl_typesupport_introspection_c/turtlesim/srv/detail/teleport_absolute__type_support.c.o[0m
[3.852s] [ 45%] [32mBuilding CXX object CMakeFiles/turtlesim__rosidl_typesupport_fastrtps_cpp.dir/rosidl_typesupport_fastrtps_cpp/turtlesim/msg/detail/dds_fastrtps/pose__type_support.cpp.o[0m
[3.858s] [ 46%] [32mBuilding CXX object CMakeFiles/turtlesim__rosidl_typesupport_fastrtps_cpp.dir/rosidl_typesupport_fastrtps_cpp/turtlesim/srv/detail/dds_fastrtps/kill__type_support.cpp.o[0m
[3.887s] [ 47%] [32mBuilding C object CMakeFiles/turtlesim__rosidl_typesupport_introspection_c.dir/rosidl_typesupport_introspection_c/turtlesim/srv/detail/teleport_relative__type_support.c.o[0m
[3.905s] [ 48%] [32mBuilding CXX object CMakeFiles/turtlesim__rosidl_typesupport_introspection_cpp.dir/rosidl_typesupport_introspection_cpp/turtlesim/msg/detail/pose__type_support.cpp.o[0m
[3.934s] [ 49%] [32m[1mLinking C shared library libturtlesim__rosidl_typesupport_introspection_c.so[0m
[3.972s] [ 50%] [32mBuilding CXX object CMakeFiles/turtlesim__rosidl_typesupport_introspection_cpp.dir/rosidl_typesupport_introspection_cpp/turtlesim/srv/detail/kill__type_support.cpp.o[0m
[3.978s] [ 50%] Built target turtlesim__rosidl_typesupport_introspection_c
[3.990s] [ 51%] [32mBuilding CXX object CMakeFiles/turtlesim__rosidl_typesupport_introspection_cpp.dir/rosidl_typesupport_introspection_cpp/turtlesim/srv/detail/set_pen__type_support.cpp.o[0m
[4.223s] [ 52%] [32m[1mLinking CXX shared library libturtlesim__rosidl_typesupport_cpp.so[0m
[4.224s] [ 53%] [32mBuilding CXX object CMakeFiles/turtlesim__rosidl_typesupport_fastrtps_cpp.dir/rosidl_typesupport_fastrtps_cpp/turtlesim/srv/detail/dds_fastrtps/set_pen__type_support.cpp.o[0m
[4.306s] [ 53%] Built target turtlesim__rosidl_typesupport_cpp
[4.318s] [ 54%] [32mBuilding CXX object CMakeFiles/turtlesim__rosidl_typesupport_fastrtps_cpp.dir/rosidl_typesupport_fastrtps_cpp/turtlesim/srv/detail/dds_fastrtps/spawn__type_support.cpp.o[0m
[4.349s] [ 55%] [32mBuilding CXX object CMakeFiles/turtlesim__rosidl_typesupport_fastrtps_cpp.dir/rosidl_typesupport_fastrtps_cpp/turtlesim/srv/detail/dds_fastrtps/teleport_absolute__type_support.cpp.o[0m
[4.367s] [ 56%] [32mBuilding CXX object CMakeFiles/turtlesim__rosidl_typesupport_introspection_cpp.dir/rosidl_typesupport_introspection_cpp/turtlesim/srv/detail/spawn__type_support.cpp.o[0m
[4.434s] [ 57%] [32mBuilding CXX object CMakeFiles/turtlesim__rosidl_typesupport_introspection_cpp.dir/rosidl_typesupport_introspection_cpp/turtlesim/srv/detail/teleport_absolute__type_support.cpp.o[0m
[4.438s] [ 58%] [32mBuilding CXX object CMakeFiles/turtlesim__rosidl_typesupport_introspection_cpp.dir/rosidl_typesupport_introspection_cpp/turtlesim/srv/detail/teleport_relative__type_support.cpp.o[0m
[4.446s] [ 59%] [32mBuilding CXX object CMakeFiles/turtlesim__rosidl_typesupport_fastrtps_cpp.dir/rosidl_typesupport_fastrtps_cpp/turtlesim/srv/detail/dds_fastrtps/teleport_relative__type_support.cpp.o[0m
[4.841s] [ 60%] [32m[1mLinking CXX shared library libturtlesim__rosidl_typesupport_introspection_cpp.so[0m
[4.924s] [ 60%] Built target turtlesim__rosidl_typesupport_introspection_cpp
[4.976s] [ 61%] [32m[1mLinking CXX shared library libturtlesim__rosidl_typesupport_fastrtps_cpp.so[0m
[5.047s] [ 61%] Built target turtlesim__rosidl_typesupport_fastrtps_cpp
[5.055s] [ 62%] [34m[1mGenerating C type support for eProsima Fast-RTPS[0m
[5.605s] [35m[1mScanning dependencies of target turtlesim__rosidl_typesupport_fastrtps_c[0m
[5.657s] [ 66%] [32mBuilding CXX object CMakeFiles/turtlesim__rosidl_typesupport_fastrtps_c.dir/rosidl_typesupport_fastrtps_c/turtlesim/action/detail/rotate_absolute__type_support_c.cpp.o[0m
[5.657s] [ 66%] [32mBuilding CXX object CMakeFiles/turtlesim__rosidl_typesupport_fastrtps_c.dir/rosidl_typesupport_fastrtps_c/turtlesim/msg/detail/pose__type_support_c.cpp.o[0m
[5.657s] [ 66%] [32mBuilding CXX object CMakeFiles/turtlesim__rosidl_typesupport_fastrtps_c.dir/rosidl_typesupport_fastrtps_c/turtlesim/msg/detail/color__type_support_c.cpp.o[0m
[5.657s] [ 66%] [32mBuilding CXX object CMakeFiles/turtlesim__rosidl_typesupport_fastrtps_c.dir/rosidl_typesupport_fastrtps_c/turtlesim/srv/detail/kill__type_support_c.cpp.o[0m
[5.657s] [ 67%] [32mBuilding CXX object CMakeFiles/turtlesim__rosidl_typesupport_fastrtps_c.dir/rosidl_typesupport_fastrtps_c/turtlesim/srv/detail/set_pen__type_support_c.cpp.o[0m
[5.658s] [ 68%] [32mBuilding CXX object CMakeFiles/turtlesim__rosidl_typesupport_fastrtps_c.dir/rosidl_typesupport_fastrtps_c/turtlesim/srv/detail/spawn__type_support_c.cpp.o[0m
[5.662s] [ 70%] [32mBuilding CXX object CMakeFiles/turtlesim__rosidl_typesupport_fastrtps_c.dir/rosidl_typesupport_fastrtps_c/turtlesim/srv/detail/teleport_absolute__type_support_c.cpp.o[0m
[5.662s] [ 70%] [32mBuilding CXX object CMakeFiles/turtlesim__rosidl_typesupport_fastrtps_c.dir/rosidl_typesupport_fastrtps_c/turtlesim/srv/detail/teleport_relative__type_support_c.cpp.o[0m
[6.224s] [ 71%] [32m[1mLinking CXX shared library libturtlesim__rosidl_typesupport_fastrtps_c.so[0m
[6.294s] [ 71%] Built target turtlesim__rosidl_typesupport_fastrtps_c
[6.301s] [35m[1mScanning dependencies of target turtlesim[0m
[6.309s] [ 71%] Built target turtlesim
[6.318s] [35m[1mScanning dependencies of target draw_square[0m
[6.318s] [35m[1mScanning dependencies of target turtle_teleop_key[0m
[6.318s] [35m[1mScanning dependencies of target turtlesim__py[0m
[6.320s] [35m[1mScanning dependencies of target mimic[0m
[6.320s] [ 72%] [34m[1mGenerating include/turtlesim/moc_turtle_frame.cpp[0m
[6.327s] [ 73%] [34m[1mGenerating Python code for ROS interfaces[0m
[6.377s] [35m[1mScanning dependencies of target turtlesim_node[0m
[6.394s] [ 74%] [32mBuilding CXX object CMakeFiles/draw_square.dir/tutorials/draw_square.cpp.o[0m
[6.394s] [ 75%] [32mBuilding CXX object CMakeFiles/mimic.dir/tutorials/mimic.cpp.o[0m
[6.402s] [ 76%] [32mBuilding CXX object CMakeFiles/turtle_teleop_key.dir/tutorials/teleop_turtle_key.cpp.o[0m
[6.454s] [ 78%] [32mBuilding CXX object CMakeFiles/turtlesim_node.dir/src/turtle.cpp.o[0m
[6.454s] [ 79%] [32mBuilding CXX object CMakeFiles/turtlesim_node.dir/src/turtle_frame.cpp.o[0m
[6.454s] [ 78%] [32mBuilding CXX object CMakeFiles/turtlesim_node.dir/src/turtlesim.cpp.o[0m
[6.460s] [ 80%] [32mBuilding CXX object CMakeFiles/turtlesim_node.dir/include/turtlesim/moc_turtle_frame.cpp.o[0m
[9.040s] [ 80%] Built target turtlesim__py
[9.055s] [35m[1mScanning dependencies of target turtlesim__python[0m
[9.105s] [ 81%] [32mBuilding C object CMakeFiles/turtlesim__python.dir/rosidl_generator_py/turtlesim/action/_rotate_absolute_s.c.o[0m
[9.279s] [ 82%] [32mBuilding C object CMakeFiles/turtlesim__python.dir/rosidl_generator_py/turtlesim/msg/_color_s.c.o[0m
[9.407s] [ 83%] [32mBuilding C object CMakeFiles/turtlesim__python.dir/rosidl_generator_py/turtlesim/msg/_pose_s.c.o[0m
[9.536s] [ 84%] [32mBuilding C object CMakeFiles/turtlesim__python.dir/rosidl_generator_py/turtlesim/srv/_kill_s.c.o[0m
[9.666s] [ 85%] [32mBuilding C object CMakeFiles/turtlesim__python.dir/rosidl_generator_py/turtlesim/srv/_set_pen_s.c.o[0m
[9.794s] [ 86%] [32mBuilding C object CMakeFiles/turtlesim__python.dir/rosidl_generator_py/turtlesim/srv/_spawn_s.c.o[0m
[9.931s] [ 87%] [32mBuilding C object CMakeFiles/turtlesim__python.dir/rosidl_generator_py/turtlesim/srv/_teleport_absolute_s.c.o[0m
[10.069s] [ 88%] [32mBuilding C object CMakeFiles/turtlesim__python.dir/rosidl_generator_py/turtlesim/srv/_teleport_relative_s.c.o[0m
[10.202s] [ 89%] [32m[1mLinking C shared library rosidl_generator_py/turtlesim/libturtlesim__python.so[0m
[10.272s] [ 89%] Built target turtlesim__python
[10.285s] [35m[1mScanning dependencies of target turtlesim__rosidl_typesupport_introspection_c__pyext[0m
[10.285s] [35m[1mScanning dependencies of target turtlesim__rosidl_typesupport_fastrtps_c__pyext[0m
[10.320s] [ 90%] [32mBuilding C object CMakeFiles/turtlesim__rosidl_typesupport_fastrtps_c__pyext.dir/rosidl_generator_py/turtlesim/_turtlesim_s.ep.rosidl_typesupport_fastrtps_c.c.o[0m
[10.324s] [ 91%] [32mBuilding C object CMakeFiles/turtlesim__rosidl_typesupport_introspection_c__pyext.dir/rosidl_generator_py/turtlesim/_turtlesim_s.ep.rosidl_typesupport_introspection_c.c.o[0m
[10.514s] [35m[1mScanning dependencies of target turtlesim__rosidl_typesupport_c__pyext[0m
[10.527s] [ 92%] [32m[1mLinking CXX shared library rosidl_generator_py/turtlesim/turtlesim_s__rosidl_typesupport_fastrtps_c.cpython-38-x86_64-linux-gnu.so[0m
[10.538s] [ 93%] [32m[1mLinking C shared library rosidl_generator_py/turtlesim/turtlesim_s__rosidl_typesupport_introspection_c.cpython-38-x86_64-linux-gnu.so[0m
[10.549s] [ 94%] [32mBuilding C object CMakeFiles/turtlesim__rosidl_typesupport_c__pyext.dir/rosidl_generator_py/turtlesim/_turtlesim_s.ep.rosidl_typesupport_c.c.o[0m
[10.609s] [ 94%] Built target turtlesim__rosidl_typesupport_introspection_c__pyext
[10.620s] [ 94%] Built target turtlesim__rosidl_typesupport_fastrtps_c__pyext
[10.750s] [ 95%] [32m[1mLinking C shared library rosidl_generator_py/turtlesim/turtlesim_s__rosidl_typesupport_c.cpython-38-x86_64-linux-gnu.so[0m
[10.799s] [ 95%] Built target turtlesim__rosidl_typesupport_c__pyext
[11.697s] [ 96%] [32m[1mLinking CXX executable turtle_teleop_key[0m
[11.937s] [ 96%] Built target turtle_teleop_key
[12.523s] [ 97%] [32m[1mLinking CXX executable mimic[0m
[12.771s] [ 97%] Built target mimic
[13.511s] [ 98%] [32m[1mLinking CXX executable draw_square[0m
[13.769s] [ 98%] Built target draw_square
[14.911s] [100%] [32m[1mLinking CXX executable turtlesim_node[0m
[16.371s] [100%] Built target turtlesim_node
[16.381s] Invoked command in '/home/mro/Documents/pwEiTI/ANRO/git/mrozowski/wr_ws/build/turtlesim' returned '0': CMAKE_PREFIX_PATH=/opt/ros/foxy /usr/bin/cmake --build /home/mro/Documents/pwEiTI/ANRO/git/mrozowski/wr_ws/build/turtlesim -- -j8 -l8
[16.500s] Invoking command in '/home/mro/Documents/pwEiTI/ANRO/git/mrozowski/wr_ws/build/turtlesim': CMAKE_PREFIX_PATH=/opt/ros/foxy /usr/bin/cmake --install /home/mro/Documents/pwEiTI/ANRO/git/mrozowski/wr_ws/build/turtlesim
[16.509s] -- Install configuration: ""
[16.509s] -- Installing: /home/mro/Documents/pwEiTI/ANRO/git/mrozowski/wr_ws/install/turtlesim/share/ament_index/resource_index/rosidl_interfaces/turtlesim
[16.509s] -- Installing: /home/mro/Documents/pwEiTI/ANRO/git/mrozowski/wr_ws/install/turtlesim/include/turtlesim
[16.509s] -- Installing: /home/mro/Documents/pwEiTI/ANRO/git/mrozowski/wr_ws/install/turtlesim/include/turtlesim/msg
[16.509s] -- Installing: /home/mro/Documents/pwEiTI/ANRO/git/mrozowski/wr_ws/install/turtlesim/include/turtlesim/msg/rosidl_generator_c__visibility_control.h
[16.509s] -- Installing: /home/mro/Documents/pwEiTI/ANRO/git/mrozowski/wr_ws/install/turtlesim/include/turtlesim/msg/color.h
[16.509s] -- Installing: /home/mro/Documents/pwEiTI/ANRO/git/mrozowski/wr_ws/install/turtlesim/include/turtlesim/msg/detail
[16.509s] -- Installing: /home/mro/Documents/pwEiTI/ANRO/git/mrozowski/wr_ws/install/turtlesim/include/turtlesim/msg/detail/pose__struct.h
[16.509s] -- Installing: /home/mro/Documents/pwEiTI/ANRO/git/mrozowski/wr_ws/install/turtlesim/include/turtlesim/msg/detail/color__type_support.h
[16.509s] -- Installing: /home/mro/Documents/pwEiTI/ANRO/git/mrozowski/wr_ws/install/turtlesim/include/turtlesim/msg/detail/color__struct.h
[16.510s] -- Installing: /home/mro/Documents/pwEiTI/ANRO/git/mrozowski/wr_ws/install/turtlesim/include/turtlesim/msg/detail/pose__type_support.h
[16.510s] -- Installing: /home/mro/Documents/pwEiTI/ANRO/git/mrozowski/wr_ws/install/turtlesim/include/turtlesim/msg/detail/color__functions.h
[16.510s] -- Installing: /home/mro/Documents/pwEiTI/ANRO/git/mrozowski/wr_ws/install/turtlesim/include/turtlesim/msg/detail/color__functions.c
[16.510s] -- Installing: /home/mro/Documents/pwEiTI/ANRO/git/mrozowski/wr_ws/install/turtlesim/include/turtlesim/msg/detail/pose__functions.c
[16.510s] -- Installing: /home/mro/Documents/pwEiTI/ANRO/git/mrozowski/wr_ws/install/turtlesim/include/turtlesim/msg/detail/pose__functions.h
[16.510s] -- Installing: /home/mro/Documents/pwEiTI/ANRO/git/mrozowski/wr_ws/install/turtlesim/include/turtlesim/msg/pose.h
[16.510s] -- Installing: /home/mro/Documents/pwEiTI/ANRO/git/mrozowski/wr_ws/install/turtlesim/include/turtlesim/srv
[16.510s] -- Installing: /home/mro/Documents/pwEiTI/ANRO/git/mrozowski/wr_ws/install/turtlesim/include/turtlesim/srv/teleport_absolute.h
[16.510s] -- Installing: /home/mro/Documents/pwEiTI/ANRO/git/mrozowski/wr_ws/install/turtlesim/include/turtlesim/srv/kill.h
[16.510s] -- Installing: /home/mro/Documents/pwEiTI/ANRO/git/mrozowski/wr_ws/install/turtlesim/include/turtlesim/srv/teleport_relative.h
[16.510s] -- Installing: /home/mro/Documents/pwEiTI/ANRO/git/mrozowski/wr_ws/install/turtlesim/include/turtlesim/srv/detail
[16.510s] -- Installing: /home/mro/Documents/pwEiTI/ANRO/git/mrozowski/wr_ws/install/turtlesim/include/turtlesim/srv/detail/kill__struct.h
[16.510s] -- Installing: /home/mro/Documents/pwEiTI/ANRO/git/mrozowski/wr_ws/install/turtlesim/include/turtlesim/srv/detail/teleport_relative__type_support.h
[16.510s] -- Installing: /home/mro/Documents/pwEiTI/ANRO/git/mrozowski/wr_ws/install/turtlesim/include/turtlesim/srv/detail/kill__functions.h
[16.510s] -- Installing: /home/mro/Documents/pwEiTI/ANRO/git/mrozowski/wr_ws/install/turtlesim/include/turtlesim/srv/detail/teleport_absolute__functions.h
[16.511s] -- Installing: /home/mro/Documents/pwEiTI/ANRO/git/mrozowski/wr_ws/install/turtlesim/include/turtlesim/srv/detail/set_pen__functions.h
[16.511s] -- Installing: /home/mro/Documents/pwEiTI/ANRO/git/mrozowski/wr_ws/install/turtlesim/include/turtlesim/srv/detail/set_pen__struct.h
[16.511s] -- Installing: /home/mro/Documents/pwEiTI/ANRO/git/mrozowski/wr_ws/install/turtlesim/include/turtlesim/srv/detail/teleport_absolute__functions.c
[16.511s] -- Installing: /home/mro/Documents/pwEiTI/ANRO/git/mrozowski/wr_ws/install/turtlesim/include/turtlesim/srv/detail/teleport_absolute__struct.h
[16.511s] -- Installing: /home/mro/Documents/pwEiTI/ANRO/git/mrozowski/wr_ws/install/turtlesim/include/turtlesim/srv/detail/spawn__struct.h
[16.511s] -- Installing: /home/mro/Documents/pwEiTI/ANRO/git/mrozowski/wr_ws/install/turtlesim/include/turtlesim/srv/detail/spawn__type_support.h
[16.511s] -- Installing: /home/mro/Documents/pwEiTI/ANRO/git/mrozowski/wr_ws/install/turtlesim/include/turtlesim/srv/detail/set_pen__type_support.h
[16.511s] -- Installing: /home/mro/Documents/pwEiTI/ANRO/git/mrozowski/wr_ws/install/turtlesim/include/turtlesim/srv/detail/teleport_relative__struct.h
[16.511s] -- Installing: /home/mro/Documents/pwEiTI/ANRO/git/mrozowski/wr_ws/install/turtlesim/include/turtlesim/srv/detail/kill__functions.c
[16.511s] -- Installing: /home/mro/Documents/pwEiTI/ANRO/git/mrozowski/wr_ws/install/turtlesim/include/turtlesim/srv/detail/set_pen__functions.c
[16.511s] -- Installing: /home/mro/Documents/pwEiTI/ANRO/git/mrozowski/wr_ws/install/turtlesim/include/turtlesim/srv/detail/teleport_absolute__type_support.h
[16.511s] -- Installing: /home/mro/Documents/pwEiTI/ANRO/git/mrozowski/wr_ws/install/turtlesim/include/turtlesim/srv/detail/spawn__functions.c
[16.511s] -- Installing: /home/mro/Documents/pwEiTI/ANRO/git/mrozowski/wr_ws/install/turtlesim/include/turtlesim/srv/detail/teleport_relative__functions.c
[16.511s] -- Installing: /home/mro/Documents/pwEiTI/ANRO/git/mrozowski/wr_ws/install/turtlesim/include/turtlesim/srv/detail/kill__type_support.h
[16.511s] -- Installing: /home/mro/Documents/pwEiTI/ANRO/git/mrozowski/wr_ws/install/turtlesim/include/turtlesim/srv/detail/spawn__functions.h
[16.511s] -- Installing: /home/mro/Documents/pwEiTI/ANRO/git/mrozowski/wr_ws/install/turtlesim/include/turtlesim/srv/detail/teleport_relative__functions.h
[16.511s] -- Installing: /home/mro/Documents/pwEiTI/ANRO/git/mrozowski/wr_ws/install/turtlesim/include/turtlesim/srv/spawn.h
[16.512s] -- Installing: /home/mro/Documents/pwEiTI/ANRO/git/mrozowski/wr_ws/install/turtlesim/include/turtlesim/srv/set_pen.h
[16.512s] -- Installing: /home/mro/Documents/pwEiTI/ANRO/git/mrozowski/wr_ws/install/turtlesim/include/turtlesim/action
[16.512s] -- Installing: /home/mro/Documents/pwEiTI/ANRO/git/mrozowski/wr_ws/install/turtlesim/include/turtlesim/action/rotate_absolute.h
[16.512s] -- Installing: /home/mro/Documents/pwEiTI/ANRO/git/mrozowski/wr_ws/install/turtlesim/include/turtlesim/action/detail
[16.512s] -- Installing: /home/mro/Documents/pwEiTI/ANRO/git/mrozowski/wr_ws/install/turtlesim/include/turtlesim/action/detail/rotate_absolute__type_support.h
[16.512s] -- Installing: /home/mro/Documents/pwEiTI/ANRO/git/mrozowski/wr_ws/install/turtlesim/include/turtlesim/action/detail/rotate_absolute__functions.h
[16.512s] -- Installing: /home/mro/Documents/pwEiTI/ANRO/git/mrozowski/wr_ws/install/turtlesim/include/turtlesim/action/detail/rotate_absolute__functions.c
[16.512s] -- Installing: /home/mro/Documents/pwEiTI/ANRO/git/mrozowski/wr_ws/install/turtlesim/include/turtlesim/action/detail/rotate_absolute__struct.h
[16.512s] -- Installing: /home/mro/Documents/pwEiTI/ANRO/git/mrozowski/wr_ws/install/turtlesim/share/turtlesim/environment/library_path.sh
[16.512s] -- Installing: /home/mro/Documents/pwEiTI/ANRO/git/mrozowski/wr_ws/install/turtlesim/share/turtlesim/environment/library_path.dsv
[16.512s] -- Installing: /home/mro/Documents/pwEiTI/ANRO/git/mrozowski/wr_ws/install/turtlesim/lib/libturtlesim__rosidl_generator_c.so
[16.513s] -- Set runtime path of "/home/mro/Documents/pwEiTI/ANRO/git/mrozowski/wr_ws/install/turtlesim/lib/libturtlesim__rosidl_generator_c.so" to ""
[16.513s] -- Up-to-date: /home/mro/Documents/pwEiTI/ANRO/git/mrozowski/wr_ws/install/turtlesim/include/turtlesim
[16.513s] -- Up-to-date: /home/mro/Documents/pwEiTI/ANRO/git/mrozowski/wr_ws/install/turtlesim/include/turtlesim/msg
[16.513s] -- Installing: /home/mro/Documents/pwEiTI/ANRO/git/mrozowski/wr_ws/install/turtlesim/include/turtlesim/msg/rosidl_typesupport_fastrtps_c__visibility_control.h
[16.513s] -- Up-to-date: /home/mro/Documents/pwEiTI/ANRO/git/mrozowski/wr_ws/install/turtlesim/include/turtlesim/msg/detail
[16.513s] -- Installing: /home/mro/Documents/pwEiTI/ANRO/git/mrozowski/wr_ws/install/turtlesim/include/turtlesim/msg/detail/pose__rosidl_typesupport_fastrtps_c.h
[16.513s] -- Installing: /home/mro/Documents/pwEiTI/ANRO/git/mrozowski/wr_ws/install/turtlesim/include/turtlesim/msg/detail/color__rosidl_typesupport_fastrtps_c.h
[16.513s] -- Up-to-date: /home/mro/Documents/pwEiTI/ANRO/git/mrozowski/wr_ws/install/turtlesim/include/turtlesim/srv
[16.513s] -- Up-to-date: /home/mro/Documents/pwEiTI/ANRO/git/mrozowski/wr_ws/install/turtlesim/include/turtlesim/srv/detail
[16.513s] -- Installing: /home/mro/Documents/pwEiTI/ANRO/git/mrozowski/wr_ws/install/turtlesim/include/turtlesim/srv/detail/teleport_absolute__rosidl_typesupport_fastrtps_c.h
[16.513s] -- Installing: /home/mro/Documents/pwEiTI/ANRO/git/mrozowski/wr_ws/install/turtlesim/include/turtlesim/srv/detail/spawn__rosidl_typesupport_fastrtps_c.h
[16.513s] -- Installing: /home/mro/Documents/pwEiTI/ANRO/git/mrozowski/wr_ws/install/turtlesim/include/turtlesim/srv/detail/teleport_relative__rosidl_typesupport_fastrtps_c.h
[16.513s] -- Installing: /home/mro/Documents/pwEiTI/ANRO/git/mrozowski/wr_ws/install/turtlesim/include/turtlesim/srv/detail/set_pen__rosidl_typesupport_fastrtps_c.h
[16.513s] -- Installing: /home/mro/Documents/pwEiTI/ANRO/git/mrozowski/wr_ws/install/turtlesim/include/turtlesim/srv/detail/kill__rosidl_typesupport_fastrtps_c.h
[16.513s] -- Up-to-date: /home/mro/Documents/pwEiTI/ANRO/git/mrozowski/wr_ws/install/turtlesim/include/turtlesim/action
[16.514s] -- Up-to-date: /home/mro/Documents/pwEiTI/ANRO/git/mrozowski/wr_ws/install/turtlesim/include/turtlesim/action/detail
[16.514s] -- Installing: /home/mro/Documents/pwEiTI/ANRO/git/mrozowski/wr_ws/install/turtlesim/include/turtlesim/action/detail/rotate_absolute__rosidl_typesupport_fastrtps_c.h
[16.514s] -- Installing: /home/mro/Documents/pwEiTI/ANRO/git/mrozowski/wr_ws/install/turtlesim/lib/libturtlesim__rosidl_typesupport_fastrtps_c.so
[16.514s] -- Set runtime path of "/home/mro/Documents/pwEiTI/ANRO/git/mrozowski/wr_ws/install/turtlesim/lib/libturtlesim__rosidl_typesupport_fastrtps_c.so" to ""
[16.514s] -- Up-to-date: /home/mro/Documents/pwEiTI/ANRO/git/mrozowski/wr_ws/install/turtlesim/include/turtlesim
[16.514s] -- Up-to-date: /home/mro/Documents/pwEiTI/ANRO/git/mrozowski/wr_ws/install/turtlesim/include/turtlesim/msg
[16.514s] -- Installing: /home/mro/Documents/pwEiTI/ANRO/git/mrozowski/wr_ws/install/turtlesim/include/turtlesim/msg/rosidl_typesupport_fastrtps_cpp__visibility_control.h
[16.514s] -- Up-to-date: /home/mro/Documents/pwEiTI/ANRO/git/mrozowski/wr_ws/install/turtlesim/include/turtlesim/msg/detail
[16.514s] -- Installing: /home/mro/Documents/pwEiTI/ANRO/git/mrozowski/wr_ws/install/turtlesim/include/turtlesim/msg/detail/dds_fastrtps
[16.514s] -- Installing: /home/mro/Documents/pwEiTI/ANRO/git/mrozowski/wr_ws/install/turtlesim/include/turtlesim/msg/detail/color__rosidl_typesupport_fastrtps_cpp.hpp
[16.514s] -- Installing: /home/mro/Documents/pwEiTI/ANRO/git/mrozowski/wr_ws/install/turtlesim/include/turtlesim/msg/detail/pose__rosidl_typesupport_fastrtps_cpp.hpp
[16.514s] -- Up-to-date: /home/mro/Documents/pwEiTI/ANRO/git/mrozowski/wr_ws/install/turtlesim/include/turtlesim/srv
[16.514s] -- Up-to-date: /home/mro/Documents/pwEiTI/ANRO/git/mrozowski/wr_ws/install/turtlesim/include/turtlesim/srv/detail
[16.515s] -- Installing: /home/mro/Documents/pwEiTI/ANRO/git/mrozowski/wr_ws/install/turtlesim/include/turtlesim/srv/detail/dds_fastrtps
[16.515s] -- Installing: /home/mro/Documents/pwEiTI/ANRO/git/mrozowski/wr_ws/install/turtlesim/include/turtlesim/srv/detail/teleport_relative__rosidl_typesupport_fastrtps_cpp.hpp
[16.515s] -- Installing: /home/mro/Documents/pwEiTI/ANRO/git/mrozowski/wr_ws/install/turtlesim/include/turtlesim/srv/detail/kill__rosidl_typesupport_fastrtps_cpp.hpp
[16.515s] -- Installing: /home/mro/Documents/pwEiTI/ANRO/git/mrozowski/wr_ws/install/turtlesim/include/turtlesim/srv/detail/spawn__rosidl_typesupport_fastrtps_cpp.hpp
[16.515s] -- Installing: /home/mro/Documents/pwEiTI/ANRO/git/mrozowski/wr_ws/install/turtlesim/include/turtlesim/srv/detail/teleport_absolute__rosidl_typesupport_fastrtps_cpp.hpp
[16.515s] -- Installing: /home/mro/Documents/pwEiTI/ANRO/git/mrozowski/wr_ws/install/turtlesim/include/turtlesim/srv/detail/set_pen__rosidl_typesupport_fastrtps_cpp.hpp
[16.515s] -- Up-to-date: /home/mro/Documents/pwEiTI/ANRO/git/mrozowski/wr_ws/install/turtlesim/include/turtlesim/action
[16.515s] -- Up-to-date: /home/mro/Documents/pwEiTI/ANRO/git/mrozowski/wr_ws/install/turtlesim/include/turtlesim/action/detail
[16.515s] -- Installing: /home/mro/Documents/pwEiTI/ANRO/git/mrozowski/wr_ws/install/turtlesim/include/turtlesim/action/detail/dds_fastrtps
[16.515s] -- Installing: /home/mro/Documents/pwEiTI/ANRO/git/mrozowski/wr_ws/install/turtlesim/include/turtlesim/action/detail/rotate_absolute__rosidl_typesupport_fastrtps_cpp.hpp
[16.515s] -- Installing: /home/mro/Documents/pwEiTI/ANRO/git/mrozowski/wr_ws/install/turtlesim/lib/libturtlesim__rosidl_typesupport_fastrtps_cpp.so
[16.515s] -- Set runtime path of "/home/mro/Documents/pwEiTI/ANRO/git/mrozowski/wr_ws/install/turtlesim/lib/libturtlesim__rosidl_typesupport_fastrtps_cpp.so" to ""
[16.515s] -- Up-to-date: /home/mro/Documents/pwEiTI/ANRO/git/mrozowski/wr_ws/install/turtlesim/include/turtlesim
[16.516s] -- Up-to-date: /home/mro/Documents/pwEiTI/ANRO/git/mrozowski/wr_ws/install/turtlesim/include/turtlesim/msg
[16.516s] -- Up-to-date: /home/mro/Documents/pwEiTI/ANRO/git/mrozowski/wr_ws/install/turtlesim/include/turtlesim/msg/detail
[16.516s] -- Installing: /home/mro/Documents/pwEiTI/ANRO/git/mrozowski/wr_ws/install/turtlesim/include/turtlesim/msg/detail/pose__type_support.c
[16.516s] -- Installing: /home/mro/Documents/pwEiTI/ANRO/git/mrozowski/wr_ws/install/turtlesim/include/turtlesim/msg/detail/color__type_support.c
[16.516s] -- Installing: /home/mro/Documents/pwEiTI/ANRO/git/mrozowski/wr_ws/install/turtlesim/include/turtlesim/msg/detail/color__rosidl_typesupport_introspection_c.h
[16.516s] -- Installing: /home/mro/Documents/pwEiTI/ANRO/git/mrozowski/wr_ws/install/turtlesim/include/turtlesim/msg/detail/pose__rosidl_typesupport_introspection_c.h
[16.516s] -- Installing: /home/mro/Documents/pwEiTI/ANRO/git/mrozowski/wr_ws/install/turtlesim/include/turtlesim/msg/rosidl_typesupport_introspection_c__visibility_control.h
[16.516s] -- Up-to-date: /home/mro/Documents/pwEiTI/ANRO/git/mrozowski/wr_ws/install/turtlesim/include/turtlesim/srv
[16.516s] -- Up-to-date: /home/mro/Documents/pwEiTI/ANRO/git/mrozowski/wr_ws/install/turtlesim/include/turtlesim/srv/detail
[16.516s] -- Installing: /home/mro/Documents/pwEiTI/ANRO/git/mrozowski/wr_ws/install/turtlesim/include/turtlesim/srv/detail/teleport_absolute__type_support.c
[16.516s] -- Installing: /home/mro/Documents/pwEiTI/ANRO/git/mrozowski/wr_ws/install/turtlesim/include/turtlesim/srv/detail/set_pen__type_support.c
[16.516s] -- Installing: /home/mro/Documents/pwEiTI/ANRO/git/mrozowski/wr_ws/install/turtlesim/include/turtlesim/srv/detail/kill__type_support.c
[16.516s] -- Installing: /home/mro/Documents/pwEiTI/ANRO/git/mrozowski/wr_ws/install/turtlesim/include/turtlesim/srv/detail/set_pen__rosidl_typesupport_introspection_c.h
[16.516s] -- Installing: /home/mro/Documents/pwEiTI/ANRO/git/mrozowski/wr_ws/install/turtlesim/include/turtlesim/srv/detail/teleport_absolute__rosidl_typesupport_introspection_c.h
[16.516s] -- Installing: /home/mro/Documents/pwEiTI/ANRO/git/mrozowski/wr_ws/install/turtlesim/include/turtlesim/srv/detail/spawn__rosidl_typesupport_introspection_c.h
[16.517s] -- Installing: /home/mro/Documents/pwEiTI/ANRO/git/mrozowski/wr_ws/install/turtlesim/include/turtlesim/srv/detail/kill__rosidl_typesupport_introspection_c.h
[16.517s] -- Installing: /home/mro/Documents/pwEiTI/ANRO/git/mrozowski/wr_ws/install/turtlesim/include/turtlesim/srv/detail/teleport_relative__rosidl_typesupport_introspection_c.h
[16.517s] -- Installing: /home/mro/Documents/pwEiTI/ANRO/git/mrozowski/wr_ws/install/turtlesim/include/turtlesim/srv/detail/teleport_relative__type_support.c
[16.517s] -- Installing: /home/mro/Documents/pwEiTI/ANRO/git/mrozowski/wr_ws/install/turtlesim/include/turtlesim/srv/detail/spawn__type_support.c
[16.517s] -- Up-to-date: /home/mro/Documents/pwEiTI/ANRO/git/mrozowski/wr_ws/install/turtlesim/include/turtlesim/action
[16.517s] -- Up-to-date: /home/mro/Documents/pwEiTI/ANRO/git/mrozowski/wr_ws/install/turtlesim/include/turtlesim/action/detail
[16.517s] -- Installing: /home/mro/Documents/pwEiTI/ANRO/git/mrozowski/wr_ws/install/turtlesim/include/turtlesim/action/detail/rotate_absolute__type_support.c
[16.517s] -- Installing: /home/mro/Documents/pwEiTI/ANRO/git/mrozowski/wr_ws/install/turtlesim/include/turtlesim/action/detail/rotate_absolute__rosidl_typesupport_introspection_c.h
[16.517s] -- Installing: /home/mro/Documents/pwEiTI/ANRO/git/mrozowski/wr_ws/install/turtlesim/lib/libturtlesim__rosidl_typesupport_introspection_c.so
[16.517s] -- Set runtime path of "/home/mro/Documents/pwEiTI/ANRO/git/mrozowski/wr_ws/install/turtlesim/lib/libturtlesim__rosidl_typesupport_introspection_c.so" to ""
[16.517s] -- Installing: /home/mro/Documents/pwEiTI/ANRO/git/mrozowski/wr_ws/install/turtlesim/lib/libturtlesim__rosidl_typesupport_c.so
[16.518s] -- Set runtime path of "/home/mro/Documents/pwEiTI/ANRO/git/mrozowski/wr_ws/install/turtlesim/lib/libturtlesim__rosidl_typesupport_c.so" to ""
[16.518s] -- Up-to-date: /home/mro/Documents/pwEiTI/ANRO/git/mrozowski/wr_ws/install/turtlesim/include/turtlesim
[16.518s] -- Up-to-date: /home/mro/Documents/pwEiTI/ANRO/git/mrozowski/wr_ws/install/turtlesim/include/turtlesim/msg
[16.518s] -- Installing: /home/mro/Documents/pwEiTI/ANRO/git/mrozowski/wr_ws/install/turtlesim/include/turtlesim/msg/color.hpp
[16.518s] -- Installing: /home/mro/Documents/pwEiTI/ANRO/git/mrozowski/wr_ws/install/turtlesim/include/turtlesim/msg/pose.hpp
[16.518s] -- Up-to-date: /home/mro/Documents/pwEiTI/ANRO/git/mrozowski/wr_ws/install/turtlesim/include/turtlesim/msg/detail
[16.518s] -- Installing: /home/mro/Documents/pwEiTI/ANRO/git/mrozowski/wr_ws/install/turtlesim/include/turtlesim/msg/detail/color__struct.hpp
[16.518s] -- Installing: /home/mro/Documents/pwEiTI/ANRO/git/mrozowski/wr_ws/install/turtlesim/include/turtlesim/msg/detail/pose__builder.hpp
[16.518s] -- Installing: /home/mro/Documents/pwEiTI/ANRO/git/mrozowski/wr_ws/install/turtlesim/include/turtlesim/msg/detail/color__builder.hpp
[16.518s] -- Installing: /home/mro/Documents/pwEiTI/ANRO/git/mrozowski/wr_ws/install/turtlesim/include/turtlesim/msg/detail/color__traits.hpp
[16.519s] -- Installing: /home/mro/Documents/pwEiTI/ANRO/git/mrozowski/wr_ws/install/turtlesim/include/turtlesim/msg/detail/pose__struct.hpp
[16.519s] -- Installing: /home/mro/Documents/pwEiTI/ANRO/git/mrozowski/wr_ws/install/turtlesim/include/turtlesim/msg/detail/pose__traits.hpp
[16.519s] -- Up-to-date: /home/mro/Documents/pwEiTI/ANRO/git/mrozowski/wr_ws/install/turtlesim/include/turtlesim/srv
[16.519s] -- Installing: /home/mro/Documents/pwEiTI/ANRO/git/mrozowski/wr_ws/install/turtlesim/include/turtlesim/srv/set_pen.hpp
[16.519s] -- Installing: /home/mro/Documents/pwEiTI/ANRO/git/mrozowski/wr_ws/install/turtlesim/include/turtlesim/srv/teleport_relative.hpp
[16.519s] -- Installing: /home/mro/Documents/pwEiTI/ANRO/git/mrozowski/wr_ws/install/turtlesim/include/turtlesim/srv/kill.hpp
[16.519s] -- Installing: /home/mro/Documents/pwEiTI/ANRO/git/mrozowski/wr_ws/install/turtlesim/include/turtlesim/srv/spawn.hpp
[16.519s] -- Installing: /home/mro/Documents/pwEiTI/ANRO/git/mrozowski/wr_ws/install/turtlesim/include/turtlesim/srv/teleport_absolute.hpp
[16.519s] -- Up-to-date: /home/mro/Documents/pwEiTI/ANRO/git/mrozowski/wr_ws/install/turtlesim/include/turtlesim/srv/detail
[16.519s] -- Installing: /home/mro/Documents/pwEiTI/ANRO/git/mrozowski/wr_ws/install/turtlesim/include/turtlesim/srv/detail/teleport_relative__builder.hpp
[16.519s] -- Installing: /home/mro/Documents/pwEiTI/ANRO/git/mrozowski/wr_ws/install/turtlesim/include/turtlesim/srv/detail/teleport_absolute__traits.hpp
[16.519s] -- Installing: /home/mro/Documents/pwEiTI/ANRO/git/mrozowski/wr_ws/install/turtlesim/include/turtlesim/srv/detail/teleport_absolute__struct.hpp
[16.519s] -- Installing: /home/mro/Documents/pwEiTI/ANRO/git/mrozowski/wr_ws/install/turtlesim/include/turtlesim/srv/detail/spawn__struct.hpp
[16.519s] -- Installing: /home/mro/Documents/pwEiTI/ANRO/git/mrozowski/wr_ws/install/turtlesim/include/turtlesim/srv/detail/teleport_absolute__builder.hpp
[16.519s] -- Installing: /home/mro/Documents/pwEiTI/ANRO/git/mrozowski/wr_ws/install/turtlesim/include/turtlesim/srv/detail/set_pen__traits.hpp
[16.520s] -- Installing: /home/mro/Documents/pwEiTI/ANRO/git/mrozowski/wr_ws/install/turtlesim/include/turtlesim/srv/detail/teleport_relative__struct.hpp
[16.520s] -- Installing: /home/mro/Documents/pwEiTI/ANRO/git/mrozowski/wr_ws/install/turtlesim/include/turtlesim/srv/detail/kill__traits.hpp
[16.520s] -- Installing: /home/mro/Documents/pwEiTI/ANRO/git/mrozowski/wr_ws/install/turtlesim/include/turtlesim/srv/detail/spawn__builder.hpp
[16.520s] -- Installing: /home/mro/Documents/pwEiTI/ANRO/git/mrozowski/wr_ws/install/turtlesim/include/turtlesim/srv/detail/kill__builder.hpp
[16.520s] -- Installing: /home/mro/Documents/pwEiTI/ANRO/git/mrozowski/wr_ws/install/turtlesim/include/turtlesim/srv/detail/spawn__traits.hpp
[16.520s] -- Installing: /home/mro/Documents/pwEiTI/ANRO/git/mrozowski/wr_ws/install/turtlesim/include/turtlesim/srv/detail/kill__struct.hpp
[16.520s] -- Installing: /home/mro/Documents/pwEiTI/ANRO/git/mrozowski/wr_ws/install/turtlesim/include/turtlesim/srv/detail/set_pen__builder.hpp
[16.520s] -- Installing: /home/mro/Documents/pwEiTI/ANRO/git/mrozowski/wr_ws/install/turtlesim/include/turtlesim/srv/detail/set_pen__struct.hpp
[16.520s] -- Installing: /home/mro/Documents/pwEiTI/ANRO/git/mrozowski/wr_ws/install/turtlesim/include/turtlesim/srv/detail/teleport_relative__traits.hpp
[16.520s] -- Up-to-date: /home/mro/Documents/pwEiTI/ANRO/git/mrozowski/wr_ws/install/turtlesim/include/turtlesim/action
[16.520s] -- Installing: /home/mro/Documents/pwEiTI/ANRO/git/mrozowski/wr_ws/install/turtlesim/include/turtlesim/action/rotate_absolute.hpp
[16.520s] -- Up-to-date: /home/mro/Documents/pwEiTI/ANRO/git/mrozowski/wr_ws/install/turtlesim/include/turtlesim/action/detail
[16.520s] -- Installing: /home/mro/Documents/pwEiTI/ANRO/git/mrozowski/wr_ws/install/turtlesim/include/turtlesim/action/detail/rotate_absolute__traits.hpp
[16.520s] -- Installing: /home/mro/Documents/pwEiTI/ANRO/git/mrozowski/wr_ws/install/turtlesim/include/turtlesim/action/detail/rotate_absolute__struct.hpp
[16.520s] -- Installing: /home/mro/Documents/pwEiTI/ANRO/git/mrozowski/wr_ws/install/turtlesim/include/turtlesim/action/detail/rotate_absolute__builder.hpp
[16.520s] -- Up-to-date: /home/mro/Documents/pwEiTI/ANRO/git/mrozowski/wr_ws/install/turtlesim/include/turtlesim
[16.521s] -- Up-to-date: /home/mro/Documents/pwEiTI/ANRO/git/mrozowski/wr_ws/install/turtlesim/include/turtlesim/msg
[16.521s] -- Up-to-date: /home/mro/Documents/pwEiTI/ANRO/git/mrozowski/wr_ws/install/turtlesim/include/turtlesim/msg/detail
[16.521s] -- Installing: /home/mro/Documents/pwEiTI/ANRO/git/mrozowski/wr_ws/install/turtlesim/include/turtlesim/msg/detail/color__rosidl_typesupport_introspection_cpp.hpp
[16.521s] -- Installing: /home/mro/Documents/pwEiTI/ANRO/git/mrozowski/wr_ws/install/turtlesim/include/turtlesim/msg/detail/pose__type_support.cpp
[16.521s] -- Installing: /home/mro/Documents/pwEiTI/ANRO/git/mrozowski/wr_ws/install/turtlesim/include/turtlesim/msg/detail/pose__rosidl_typesupport_introspection_cpp.hpp
[16.521s] -- Installing: /home/mro/Documents/pwEiTI/ANRO/git/mrozowski/wr_ws/install/turtlesim/include/turtlesim/msg/detail/color__type_support.cpp
[16.521s] -- Up-to-date: /home/mro/Documents/pwEiTI/ANRO/git/mrozowski/wr_ws/install/turtlesim/include/turtlesim/srv
[16.521s] -- Up-to-date: /home/mro/Documents/pwEiTI/ANRO/git/mrozowski/wr_ws/install/turtlesim/include/turtlesim/srv/detail
[16.521s] -- Installing: /home/mro/Documents/pwEiTI/ANRO/git/mrozowski/wr_ws/install/turtlesim/include/turtlesim/srv/detail/teleport_relative__rosidl_typesupport_introspection_cpp.hpp
[16.521s] -- Installing: /home/mro/Documents/pwEiTI/ANRO/git/mrozowski/wr_ws/install/turtlesim/include/turtlesim/srv/detail/spawn__type_support.cpp
[16.521s] -- Installing: /home/mro/Documents/pwEiTI/ANRO/git/mrozowski/wr_ws/install/turtlesim/include/turtlesim/srv/detail/teleport_relative__type_support.cpp
[16.521s] -- Installing: /home/mro/Documents/pwEiTI/ANRO/git/mrozowski/wr_ws/install/turtlesim/include/turtlesim/srv/detail/set_pen__rosidl_typesupport_introspection_cpp.hpp
[16.521s] -- Installing: /home/mro/Documents/pwEiTI/ANRO/git/mrozowski/wr_ws/install/turtlesim/include/turtlesim/srv/detail/spawn__rosidl_typesupport_introspection_cpp.hpp
[16.521s] -- Installing: /home/mro/Documents/pwEiTI/ANRO/git/mrozowski/wr_ws/install/turtlesim/include/turtlesim/srv/detail/teleport_absolute__type_support.cpp
[16.521s] -- Installing: /home/mro/Documents/pwEiTI/ANRO/git/mrozowski/wr_ws/install/turtlesim/include/turtlesim/srv/detail/teleport_absolute__rosidl_typesupport_introspection_cpp.hpp
[16.522s] -- Installing: /home/mro/Documents/pwEiTI/ANRO/git/mrozowski/wr_ws/install/turtlesim/include/turtlesim/srv/detail/kill__rosidl_typesupport_introspection_cpp.hpp
[16.522s] -- Installing: /home/mro/Documents/pwEiTI/ANRO/git/mrozowski/wr_ws/install/turtlesim/include/turtlesim/srv/detail/set_pen__type_support.cpp
[16.522s] -- Installing: /home/mro/Documents/pwEiTI/ANRO/git/mrozowski/wr_ws/install/turtlesim/include/turtlesim/srv/detail/kill__type_support.cpp
[16.522s] -- Up-to-date: /home/mro/Documents/pwEiTI/ANRO/git/mrozowski/wr_ws/install/turtlesim/include/turtlesim/action
[16.522s] -- Up-to-date: /home/mro/Documents/pwEiTI/ANRO/git/mrozowski/wr_ws/install/turtlesim/include/turtlesim/action/detail
[16.522s] -- Installing: /home/mro/Documents/pwEiTI/ANRO/git/mrozowski/wr_ws/install/turtlesim/include/turtlesim/action/detail/rotate_absolute__type_support.cpp
[16.522s] -- Installing: /home/mro/Documents/pwEiTI/ANRO/git/mrozowski/wr_ws/install/turtlesim/include/turtlesim/action/detail/rotate_absolute__rosidl_typesupport_introspection_cpp.hpp
[16.522s] -- Installing: /home/mro/Documents/pwEiTI/ANRO/git/mrozowski/wr_ws/install/turtlesim/lib/libturtlesim__rosidl_typesupport_introspection_cpp.so
[16.522s] -- Set runtime path of "/home/mro/Documents/pwEiTI/ANRO/git/mrozowski/wr_ws/install/turtlesim/lib/libturtlesim__rosidl_typesupport_introspection_cpp.so" to ""
[16.522s] -- Installing: /home/mro/Documents/pwEiTI/ANRO/git/mrozowski/wr_ws/install/turtlesim/lib/libturtlesim__rosidl_typesupport_cpp.so
[16.523s] -- Set runtime path of "/home/mro/Documents/pwEiTI/ANRO/git/mrozowski/wr_ws/install/turtlesim/lib/libturtlesim__rosidl_typesupport_cpp.so" to ""
[16.523s] -- Installing: /home/mro/Documents/pwEiTI/ANRO/git/mrozowski/wr_ws/install/turtlesim/share/turtlesim/environment/pythonpath.sh
[16.523s] -- Installing: /home/mro/Documents/pwEiTI/ANRO/git/mrozowski/wr_ws/install/turtlesim/share/turtlesim/environment/pythonpath.dsv
[16.523s] -- Installing: /home/mro/Documents/pwEiTI/ANRO/git/mrozowski/wr_ws/install/turtlesim/lib/python3.8/site-packages/turtlesim/__init__.py
[16.546s] Compiling '/home/mro/Documents/pwEiTI/ANRO/git/mrozowski/wr_ws/install/turtlesim/lib/python3.8/site-packages/turtlesim/__init__.py'...
[16.549s] -- Installing: /home/mro/Documents/pwEiTI/ANRO/git/mrozowski/wr_ws/install/turtlesim/lib/python3.8/site-packages/turtlesim/action
[16.549s] -- Installing: /home/mro/Documents/pwEiTI/ANRO/git/mrozowski/wr_ws/install/turtlesim/lib/python3.8/site-packages/turtlesim/action/__init__.py
[16.549s] -- Installing: /home/mro/Documents/pwEiTI/ANRO/git/mrozowski/wr_ws/install/turtlesim/lib/python3.8/site-packages/turtlesim/action/_rotate_absolute_s.c
[16.549s] -- Installing: /home/mro/Documents/pwEiTI/ANRO/git/mrozowski/wr_ws/install/turtlesim/lib/python3.8/site-packages/turtlesim/action/_rotate_absolute.py
[16.549s] -- Installing: /home/mro/Documents/pwEiTI/ANRO/git/mrozowski/wr_ws/install/turtlesim/lib/python3.8/site-packages/turtlesim/msg
[16.550s] -- Installing: /home/mro/Documents/pwEiTI/ANRO/git/mrozowski/wr_ws/install/turtlesim/lib/python3.8/site-packages/turtlesim/msg/_pose.py
[16.550s] -- Installing: /home/mro/Documents/pwEiTI/ANRO/git/mrozowski/wr_ws/install/turtlesim/lib/python3.8/site-packages/turtlesim/msg/__init__.py
[16.550s] -- Installing: /home/mro/Documents/pwEiTI/ANRO/git/mrozowski/wr_ws/install/turtlesim/lib/python3.8/site-packages/turtlesim/msg/_color_s.c
[16.550s] -- Installing: /home/mro/Documents/pwEiTI/ANRO/git/mrozowski/wr_ws/install/turtlesim/lib/python3.8/site-packages/turtlesim/msg/_color.py
[16.550s] -- Installing: /home/mro/Documents/pwEiTI/ANRO/git/mrozowski/wr_ws/install/turtlesim/lib/python3.8/site-packages/turtlesim/msg/_pose_s.c
[16.550s] -- Installing: /home/mro/Documents/pwEiTI/ANRO/git/mrozowski/wr_ws/install/turtlesim/lib/python3.8/site-packages/turtlesim/srv
[16.550s] -- Installing: /home/mro/Documents/pwEiTI/ANRO/git/mrozowski/wr_ws/install/turtlesim/lib/python3.8/site-packages/turtlesim/srv/_teleport_absolute_s.c
[16.550s] -- Installing: /home/mro/Documents/pwEiTI/ANRO/git/mrozowski/wr_ws/install/turtlesim/lib/python3.8/site-packages/turtlesim/srv/__init__.py
[16.550s] -- Installing: /home/mro/Documents/pwEiTI/ANRO/git/mrozowski/wr_ws/install/turtlesim/lib/python3.8/site-packages/turtlesim/srv/_teleport_relative.py
[16.550s] -- Installing: /home/mro/Documents/pwEiTI/ANRO/git/mrozowski/wr_ws/install/turtlesim/lib/python3.8/site-packages/turtlesim/srv/_spawn_s.c
[16.550s] -- Installing: /home/mro/Documents/pwEiTI/ANRO/git/mrozowski/wr_ws/install/turtlesim/lib/python3.8/site-packages/turtlesim/srv/_set_pen_s.c
[16.550s] -- Installing: /home/mro/Documents/pwEiTI/ANRO/git/mrozowski/wr_ws/install/turtlesim/lib/python3.8/site-packages/turtlesim/srv/_kill.py
[16.550s] -- Installing: /home/mro/Documents/pwEiTI/ANRO/git/mrozowski/wr_ws/install/turtlesim/lib/python3.8/site-packages/turtlesim/srv/_teleport_absolute.py
[16.550s] -- Installing: /home/mro/Documents/pwEiTI/ANRO/git/mrozowski/wr_ws/install/turtlesim/lib/python3.8/site-packages/turtlesim/srv/_set_pen.py
[16.550s] -- Installing: /home/mro/Documents/pwEiTI/ANRO/git/mrozowski/wr_ws/install/turtlesim/lib/python3.8/site-packages/turtlesim/srv/_kill_s.c
[16.551s] -- Installing: /home/mro/Documents/pwEiTI/ANRO/git/mrozowski/wr_ws/install/turtlesim/lib/python3.8/site-packages/turtlesim/srv/_teleport_relative_s.c
[16.551s] -- Installing: /home/mro/Documents/pwEiTI/ANRO/git/mrozowski/wr_ws/install/turtlesim/lib/python3.8/site-packages/turtlesim/srv/_spawn.py
[16.551s] -- Installing: /home/mro/Documents/pwEiTI/ANRO/git/mrozowski/wr_ws/install/turtlesim/lib/python3.8/site-packages/turtlesim/turtlesim_s__rosidl_typesupport_fastrtps_c.cpython-38-x86_64-linux-gnu.so
[16.551s] -- Set runtime path of "/home/mro/Documents/pwEiTI/ANRO/git/mrozowski/wr_ws/install/turtlesim/lib/python3.8/site-packages/turtlesim/turtlesim_s__rosidl_typesupport_fastrtps_c.cpython-38-x86_64-linux-gnu.so" to ""
[16.551s] -- Installing: /home/mro/Documents/pwEiTI/ANRO/git/mrozowski/wr_ws/install/turtlesim/lib/python3.8/site-packages/turtlesim/turtlesim_s__rosidl_typesupport_introspection_c.cpython-38-x86_64-linux-gnu.so
[16.552s] -- Set runtime path of "/home/mro/Documents/pwEiTI/ANRO/git/mrozowski/wr_ws/install/turtlesim/lib/python3.8/site-packages/turtlesim/turtlesim_s__rosidl_typesupport_introspection_c.cpython-38-x86_64-linux-gnu.so" to ""
[16.552s] -- Installing: /home/mro/Documents/pwEiTI/ANRO/git/mrozowski/wr_ws/install/turtlesim/lib/python3.8/site-packages/turtlesim/turtlesim_s__rosidl_typesupport_c.cpython-38-x86_64-linux-gnu.so
[16.552s] -- Set runtime path of "/home/mro/Documents/pwEiTI/ANRO/git/mrozowski/wr_ws/install/turtlesim/lib/python3.8/site-packages/turtlesim/turtlesim_s__rosidl_typesupport_c.cpython-38-x86_64-linux-gnu.so" to ""
[16.553s] -- Installing: /home/mro/Documents/pwEiTI/ANRO/git/mrozowski/wr_ws/install/turtlesim/lib/libturtlesim__python.so
[16.553s] -- Set runtime path of "/home/mro/Documents/pwEiTI/ANRO/git/mrozowski/wr_ws/install/turtlesim/lib/libturtlesim__python.so" to ""
[16.553s] -- Installing: /home/mro/Documents/pwEiTI/ANRO/git/mrozowski/wr_ws/install/turtlesim/share/turtlesim/action/RotateAbsolute.idl
[16.553s] -- Installing: /home/mro/Documents/pwEiTI/ANRO/git/mrozowski/wr_ws/install/turtlesim/share/turtlesim/msg/Color.idl
[16.553s] -- Installing: /home/mro/Documents/pwEiTI/ANRO/git/mrozowski/wr_ws/install/turtlesim/share/turtlesim/msg/Pose.idl
[16.553s] -- Installing: /home/mro/Documents/pwEiTI/ANRO/git/mrozowski/wr_ws/install/turtlesim/share/turtlesim/srv/Kill.idl
[16.554s] -- Installing: /home/mro/Documents/pwEiTI/ANRO/git/mrozowski/wr_ws/install/turtlesim/share/turtlesim/srv/SetPen.idl
[16.554s] -- Installing: /home/mro/Documents/pwEiTI/ANRO/git/mrozowski/wr_ws/install/turtlesim/share/turtlesim/srv/Spawn.idl
[16.554s] -- Installing: /home/mro/Documents/pwEiTI/ANRO/git/mrozowski/wr_ws/install/turtlesim/share/turtlesim/srv/TeleportAbsolute.idl
[16.554s] -- Installing: /home/mro/Documents/pwEiTI/ANRO/git/mrozowski/wr_ws/install/turtlesim/share/turtlesim/srv/TeleportRelative.idl
[16.554s] -- Installing: /home/mro/Documents/pwEiTI/ANRO/git/mrozowski/wr_ws/install/turtlesim/share/turtlesim/action/RotateAbsolute.action
[16.554s] -- Installing: /home/mro/Documents/pwEiTI/ANRO/git/mrozowski/wr_ws/install/turtlesim/share/turtlesim/msg/Color.msg
[16.554s] -- Installing: /home/mro/Documents/pwEiTI/ANRO/git/mrozowski/wr_ws/install/turtlesim/share/turtlesim/msg/Pose.msg
[16.554s] -- Installing: /home/mro/Documents/pwEiTI/ANRO/git/mrozowski/wr_ws/install/turtlesim/share/turtlesim/srv/Kill.srv
[16.554s] -- Installing: /home/mro/Documents/pwEiTI/ANRO/git/mrozowski/wr_ws/install/turtlesim/share/turtlesim/srv/Kill_Request.msg
[16.554s] -- Installing: /home/mro/Documents/pwEiTI/ANRO/git/mrozowski/wr_ws/install/turtlesim/share/turtlesim/srv/Kill_Response.msg
[16.554s] -- Installing: /home/mro/Documents/pwEiTI/ANRO/git/mrozowski/wr_ws/install/turtlesim/share/turtlesim/srv/SetPen.srv
[16.554s] -- Installing: /home/mro/Documents/pwEiTI/ANRO/git/mrozowski/wr_ws/install/turtlesim/share/turtlesim/srv/SetPen_Request.msg
[16.555s] -- Installing: /home/mro/Documents/pwEiTI/ANRO/git/mrozowski/wr_ws/install/turtlesim/share/turtlesim/srv/SetPen_Response.msg
[16.555s] -- Installing: /home/mro/Documents/pwEiTI/ANRO/git/mrozowski/wr_ws/install/turtlesim/share/turtlesim/srv/Spawn.srv
[16.555s] -- Installing: /home/mro/Documents/pwEiTI/ANRO/git/mrozowski/wr_ws/install/turtlesim/share/turtlesim/srv/Spawn_Request.msg
[16.555s] -- Installing: /home/mro/Documents/pwEiTI/ANRO/git/mrozowski/wr_ws/install/turtlesim/share/turtlesim/srv/Spawn_Response.msg
[16.555s] -- Installing: /home/mro/Documents/pwEiTI/ANRO/git/mrozowski/wr_ws/install/turtlesim/share/turtlesim/srv/TeleportAbsolute.srv
[16.555s] -- Installing: /home/mro/Documents/pwEiTI/ANRO/git/mrozowski/wr_ws/install/turtlesim/share/turtlesim/srv/TeleportAbsolute_Request.msg
[16.555s] -- Installing: /home/mro/Documents/pwEiTI/ANRO/git/mrozowski/wr_ws/install/turtlesim/share/turtlesim/srv/TeleportAbsolute_Response.msg
[16.555s] -- Installing: /home/mro/Documents/pwEiTI/ANRO/git/mrozowski/wr_ws/install/turtlesim/share/turtlesim/srv/TeleportRelative.srv
[16.555s] -- Installing: /home/mro/Documents/pwEiTI/ANRO/git/mrozowski/wr_ws/install/turtlesim/share/turtlesim/srv/TeleportRelative_Request.msg
[16.555s] -- Installing: /home/mro/Documents/pwEiTI/ANRO/git/mrozowski/wr_ws/install/turtlesim/share/turtlesim/srv/TeleportRelative_Response.msg
[16.556s] -- Installing: /home/mro/Documents/pwEiTI/ANRO/git/mrozowski/wr_ws/install/turtlesim/lib/turtlesim/turtlesim_node
[16.559s] -- Set runtime path of "/home/mro/Documents/pwEiTI/ANRO/git/mrozowski/wr_ws/install/turtlesim/lib/turtlesim/turtlesim_node" to ""
[16.559s] -- Installing: /home/mro/Documents/pwEiTI/ANRO/git/mrozowski/wr_ws/install/turtlesim/lib/turtlesim/turtle_teleop_key
[16.560s] -- Set runtime path of "/home/mro/Documents/pwEiTI/ANRO/git/mrozowski/wr_ws/install/turtlesim/lib/turtlesim/turtle_teleop_key" to ""
[16.560s] -- Installing: /home/mro/Documents/pwEiTI/ANRO/git/mrozowski/wr_ws/install/turtlesim/lib/turtlesim/draw_square
[16.562s] -- Set runtime path of "/home/mro/Documents/pwEiTI/ANRO/git/mrozowski/wr_ws/install/turtlesim/lib/turtlesim/draw_square" to ""
[16.562s] -- Installing: /home/mro/Documents/pwEiTI/ANRO/git/mrozowski/wr_ws/install/turtlesim/lib/turtlesim/mimic
[16.564s] -- Set runtime path of "/home/mro/Documents/pwEiTI/ANRO/git/mrozowski/wr_ws/install/turtlesim/lib/turtlesim/mimic" to ""
[16.564s] -- Installing: /home/mro/Documents/pwEiTI/ANRO/git/mrozowski/wr_ws/install/turtlesim/share/turtlesim/images
[16.564s] -- Installing: /home/mro/Documents/pwEiTI/ANRO/git/mrozowski/wr_ws/install/turtlesim/share/turtlesim/images/crystal.png
[16.564s] -- Installing: /home/mro/Documents/pwEiTI/ANRO/git/mrozowski/wr_ws/install/turtlesim/share/turtlesim/images/ardent.png
[16.564s] -- Installing: /home/mro/Documents/pwEiTI/ANRO/git/mrozowski/wr_ws/install/turtlesim/share/turtlesim/images/eloquent.png
[16.564s] -- Installing: /home/mro/Documents/pwEiTI/ANRO/git/mrozowski/wr_ws/install/turtlesim/share/turtlesim/images/dashing.png
[16.564s] -- Installing: /home/mro/Documents/pwEiTI/ANRO/git/mrozowski/wr_ws/install/turtlesim/share/turtlesim/images/bouncy.png
[16.564s] -- Installing: /home/mro/Documents/pwEiTI/ANRO/git/mrozowski/wr_ws/install/turtlesim/share/turtlesim/images/foxy.png
[16.564s] -- Installing: /home/mro/Documents/pwEiTI/ANRO/git/mrozowski/wr_ws/install/turtlesim/share/turtlesim/launch
[16.564s] -- Installing: /home/mro/Documents/pwEiTI/ANRO/git/mrozowski/wr_ws/install/turtlesim/share/turtlesim/launch/multisim.launch.py
[16.564s] -- Installing: /home/mro/Documents/pwEiTI/ANRO/git/mrozowski/wr_ws/install/turtlesim/share/ament_index/resource_index/package_run_dependencies/turtlesim
[16.564s] -- Installing: /home/mro/Documents/pwEiTI/ANRO/git/mrozowski/wr_ws/install/turtlesim/share/ament_index/resource_index/parent_prefix_path/turtlesim
[16.565s] -- Installing: /home/mro/Documents/pwEiTI/ANRO/git/mrozowski/wr_ws/install/turtlesim/share/turtlesim/environment/ament_prefix_path.sh
[16.565s] -- Installing: /home/mro/Documents/pwEiTI/ANRO/git/mrozowski/wr_ws/install/turtlesim/share/turtlesim/environment/ament_prefix_path.dsv
[16.565s] -- Installing: /home/mro/Documents/pwEiTI/ANRO/git/mrozowski/wr_ws/install/turtlesim/share/turtlesim/environment/path.sh
[16.565s] -- Installing: /home/mro/Documents/pwEiTI/ANRO/git/mrozowski/wr_ws/install/turtlesim/share/turtlesim/environment/path.dsv
[16.565s] -- Installing: /home/mro/Documents/pwEiTI/ANRO/git/mrozowski/wr_ws/install/turtlesim/share/turtlesim/local_setup.bash
[16.565s] -- Installing: /home/mro/Documents/pwEiTI/ANRO/git/mrozowski/wr_ws/install/turtlesim/share/turtlesim/local_setup.sh
[16.565s] -- Installing: /home/mro/Documents/pwEiTI/ANRO/git/mrozowski/wr_ws/install/turtlesim/share/turtlesim/local_setup.zsh
[16.565s] -- Installing: /home/mro/Documents/pwEiTI/ANRO/git/mrozowski/wr_ws/install/turtlesim/share/turtlesim/local_setup.dsv
[16.565s] -- Installing: /home/mro/Documents/pwEiTI/ANRO/git/mrozowski/wr_ws/install/turtlesim/share/turtlesim/package.dsv
[16.566s] -- Installing: /home/mro/Documents/pwEiTI/ANRO/git/mrozowski/wr_ws/install/turtlesim/share/ament_index/resource_index/packages/turtlesim
[16.566s] -- Installing: /home/mro/Documents/pwEiTI/ANRO/git/mrozowski/wr_ws/install/turtlesim/share/turtlesim/cmake/turtlesim__rosidl_generator_cExport.cmake
[16.566s] -- Installing: /home/mro/Documents/pwEiTI/ANRO/git/mrozowski/wr_ws/install/turtlesim/share/turtlesim/cmake/turtlesim__rosidl_generator_cExport-noconfig.cmake
[16.566s] -- Installing: /home/mro/Documents/pwEiTI/ANRO/git/mrozowski/wr_ws/install/turtlesim/share/turtlesim/cmake/turtlesim__rosidl_typesupport_introspection_cExport.cmake
[16.566s] -- Installing: /home/mro/Documents/pwEiTI/ANRO/git/mrozowski/wr_ws/install/turtlesim/share/turtlesim/cmake/turtlesim__rosidl_typesupport_introspection_cExport-noconfig.cmake
[16.566s] -- Installing: /home/mro/Documents/pwEiTI/ANRO/git/mrozowski/wr_ws/install/turtlesim/share/turtlesim/cmake/turtlesim__rosidl_typesupport_cExport.cmake
[16.566s] -- Installing: /home/mro/Documents/pwEiTI/ANRO/git/mrozowski/wr_ws/install/turtlesim/share/turtlesim/cmake/turtlesim__rosidl_typesupport_cExport-noconfig.cmake
[16.567s] -- Installing: /home/mro/Documents/pwEiTI/ANRO/git/mrozowski/wr_ws/install/turtlesim/share/turtlesim/cmake/turtlesim__rosidl_generator_cppExport.cmake
[16.567s] -- Installing: /home/mro/Documents/pwEiTI/ANRO/git/mrozowski/wr_ws/install/turtlesim/share/turtlesim/cmake/turtlesim__rosidl_typesupport_introspection_cppExport.cmake
[16.567s] -- Installing: /home/mro/Documents/pwEiTI/ANRO/git/mrozowski/wr_ws/install/turtlesim/share/turtlesim/cmake/turtlesim__rosidl_typesupport_introspection_cppExport-noconfig.cmake
[16.567s] -- Installing: /home/mro/Documents/pwEiTI/ANRO/git/mrozowski/wr_ws/install/turtlesim/share/turtlesim/cmake/turtlesim__rosidl_typesupport_cppExport.cmake
[16.567s] -- Installing: /home/mro/Documents/pwEiTI/ANRO/git/mrozowski/wr_ws/install/turtlesim/share/turtlesim/cmake/turtlesim__rosidl_typesupport_cppExport-noconfig.cmake
[16.567s] -- Installing: /home/mro/Documents/pwEiTI/ANRO/git/mrozowski/wr_ws/install/turtlesim/share/turtlesim/cmake/rosidl_cmake-extras.cmake
[16.567s] -- Installing: /home/mro/Documents/pwEiTI/ANRO/git/mrozowski/wr_ws/install/turtlesim/share/turtlesim/cmake/ament_cmake_export_dependencies-extras.cmake
[16.567s] -- Installing: /home/mro/Documents/pwEiTI/ANRO/git/mrozowski/wr_ws/install/turtlesim/share/turtlesim/cmake/ament_cmake_export_libraries-extras.cmake
[16.567s] -- Installing: /home/mro/Documents/pwEiTI/ANRO/git/mrozowski/wr_ws/install/turtlesim/share/turtlesim/cmake/ament_cmake_export_targets-extras.cmake
[16.568s] -- Installing: /home/mro/Documents/pwEiTI/ANRO/git/mrozowski/wr_ws/install/turtlesim/share/turtlesim/cmake/ament_cmake_export_include_directories-extras.cmake
[16.568s] -- Installing: /home/mro/Documents/pwEiTI/ANRO/git/mrozowski/wr_ws/install/turtlesim/share/turtlesim/cmake/rosidl_cmake_export_typesupport_libraries-extras.cmake
[16.568s] -- Installing: /home/mro/Documents/pwEiTI/ANRO/git/mrozowski/wr_ws/install/turtlesim/share/turtlesim/cmake/rosidl_cmake_export_typesupport_targets-extras.cmake
[16.568s] -- Installing: /home/mro/Documents/pwEiTI/ANRO/git/mrozowski/wr_ws/install/turtlesim/share/turtlesim/cmake/turtlesimConfig.cmake
[16.568s] -- Installing: /home/mro/Documents/pwEiTI/ANRO/git/mrozowski/wr_ws/install/turtlesim/share/turtlesim/cmake/turtlesimConfig-version.cmake
[16.568s] -- Installing: /home/mro/Documents/pwEiTI/ANRO/git/mrozowski/wr_ws/install/turtlesim/share/turtlesim/package.xml
[16.571s] Invoked command in '/home/mro/Documents/pwEiTI/ANRO/git/mrozowski/wr_ws/build/turtlesim' returned '0': CMAKE_PREFIX_PATH=/opt/ros/foxy /usr/bin/cmake --install /home/mro/Documents/pwEiTI/ANRO/git/mrozowski/wr_ws/build/turtlesim
