[35m[1mScanning dependencies of target teleop_key[0m
[ 33%] Built target talker
[ 66%] Built target listener
[ 83%] [32mBuilding CXX object CMakeFiles/teleop_key.dir/src/teleop_turtle_key.cpp.o[0m
[100%] [32m[1mLinking CXX executable teleop_key[0m
[100%] Built target teleop_key
-- Install configuration: ""
-- Up-to-date: /home/mro/Documents/pwEiTI/ANRO/git/mrozowski/wr_ws/install/my_turtlesim/lib/my_turtlesim/talker
-- Up-to-date: /home/mro/Documents/pwEiTI/ANRO/git/mrozowski/wr_ws/install/my_turtlesim/lib/my_turtlesim/listener
-- Installing: /home/mro/Documents/pwEiTI/ANRO/git/mrozowski/wr_ws/install/my_turtlesim/lib/my_turtlesim/teleop_key
-- Set runtime path of "/home/mro/Documents/pwEiTI/ANRO/git/mrozowski/wr_ws/install/my_turtlesim/lib/my_turtlesim/teleop_key" to ""
-- Up-to-date: /home/mro/Documents/pwEiTI/ANRO/git/mrozowski/wr_ws/install/my_turtlesim/share/ament_index/resource_index/package_run_dependencies/my_turtlesim
-- Up-to-date: /home/mro/Documents/pwEiTI/ANRO/git/mrozowski/wr_ws/install/my_turtlesim/share/ament_index/resource_index/parent_prefix_path/my_turtlesim
-- Up-to-date: /home/mro/Documents/pwEiTI/ANRO/git/mrozowski/wr_ws/install/my_turtlesim/share/my_turtlesim/environment/ament_prefix_path.sh
-- Installing: /home/mro/Documents/pwEiTI/ANRO/git/mrozowski/wr_ws/install/my_turtlesim/share/my_turtlesim/environment/ament_prefix_path.dsv
-- Up-to-date: /home/mro/Documents/pwEiTI/ANRO/git/mrozowski/wr_ws/install/my_turtlesim/share/my_turtlesim/environment/path.sh
-- Installing: /home/mro/Documents/pwEiTI/ANRO/git/mrozowski/wr_ws/install/my_turtlesim/share/my_turtlesim/environment/path.dsv
-- Up-to-date: /home/mro/Documents/pwEiTI/ANRO/git/mrozowski/wr_ws/install/my_turtlesim/share/my_turtlesim/local_setup.bash
-- Up-to-date: /home/mro/Documents/pwEiTI/ANRO/git/mrozowski/wr_ws/install/my_turtlesim/share/my_turtlesim/local_setup.sh
-- Up-to-date: /home/mro/Documents/pwEiTI/ANRO/git/mrozowski/wr_ws/install/my_turtlesim/share/my_turtlesim/local_setup.zsh
-- Installing: /home/mro/Documents/pwEiTI/ANRO/git/mrozowski/wr_ws/install/my_turtlesim/share/my_turtlesim/local_setup.dsv
-- Installing: /home/mro/Documents/pwEiTI/ANRO/git/mrozowski/wr_ws/install/my_turtlesim/share/my_turtlesim/package.dsv
-- Up-to-date: /home/mro/Documents/pwEiTI/ANRO/git/mrozowski/wr_ws/install/my_turtlesim/share/ament_index/resource_index/packages/my_turtlesim
-- Up-to-date: /home/mro/Documents/pwEiTI/ANRO/git/mrozowski/wr_ws/install/my_turtlesim/share/my_turtlesim/cmake/my_turtlesimConfig.cmake
-- Up-to-date: /home/mro/Documents/pwEiTI/ANRO/git/mrozowski/wr_ws/install/my_turtlesim/share/my_turtlesim/cmake/my_turtlesimConfig-version.cmake
-- Up-to-date: /home/mro/Documents/pwEiTI/ANRO/git/mrozowski/wr_ws/install/my_turtlesim/share/my_turtlesim/package.xml
