[0.013s] Invoking command in '/home/mro/Documents/pwEiTI/ANRO/git/mrozowski/wr_ws/build/my_turtlesim': CMAKE_PREFIX_PATH=/opt/ros/foxy /usr/bin/cmake --build /home/mro/Documents/pwEiTI/ANRO/git/mrozowski/wr_ws/build/my_turtlesim -- -j8 -l8
[0.046s] [35m[1mScanning dependencies of target teleop_key[0m
[0.062s] [ 33%] Built target talker
[0.062s] [ 66%] Built target listener
[0.070s] [ 83%] [32mBuilding CXX object CMakeFiles/teleop_key.dir/src/teleop_turtle_key.cpp.o[0m
[2.414s] [100%] [32m[1mLinking CXX executable teleop_key[0m
[2.543s] [100%] Built target teleop_key
[2.552s] Invoked command in '/home/mro/Documents/pwEiTI/ANRO/git/mrozowski/wr_ws/build/my_turtlesim' returned '0': CMAKE_PREFIX_PATH=/opt/ros/foxy /usr/bin/cmake --build /home/mro/Documents/pwEiTI/ANRO/git/mrozowski/wr_ws/build/my_turtlesim -- -j8 -l8
[2.573s] Invoking command in '/home/mro/Documents/pwEiTI/ANRO/git/mrozowski/wr_ws/build/my_turtlesim': CMAKE_PREFIX_PATH=/opt/ros/foxy /usr/bin/cmake --install /home/mro/Documents/pwEiTI/ANRO/git/mrozowski/wr_ws/build/my_turtlesim
[2.579s] -- Install configuration: ""
[2.580s] -- Up-to-date: /home/mro/Documents/pwEiTI/ANRO/git/mrozowski/wr_ws/install/my_turtlesim/lib/my_turtlesim/talker
[2.580s] -- Up-to-date: /home/mro/Documents/pwEiTI/ANRO/git/mrozowski/wr_ws/install/my_turtlesim/lib/my_turtlesim/listener
[2.580s] -- Installing: /home/mro/Documents/pwEiTI/ANRO/git/mrozowski/wr_ws/install/my_turtlesim/lib/my_turtlesim/teleop_key
[2.581s] -- Set runtime path of "/home/mro/Documents/pwEiTI/ANRO/git/mrozowski/wr_ws/install/my_turtlesim/lib/my_turtlesim/teleop_key" to ""
[2.581s] -- Up-to-date: /home/mro/Documents/pwEiTI/ANRO/git/mrozowski/wr_ws/install/my_turtlesim/share/ament_index/resource_index/package_run_dependencies/my_turtlesim
[2.581s] -- Up-to-date: /home/mro/Documents/pwEiTI/ANRO/git/mrozowski/wr_ws/install/my_turtlesim/share/ament_index/resource_index/parent_prefix_path/my_turtlesim
[2.581s] -- Up-to-date: /home/mro/Documents/pwEiTI/ANRO/git/mrozowski/wr_ws/install/my_turtlesim/share/my_turtlesim/environment/ament_prefix_path.sh
[2.581s] -- Installing: /home/mro/Documents/pwEiTI/ANRO/git/mrozowski/wr_ws/install/my_turtlesim/share/my_turtlesim/environment/ament_prefix_path.dsv
[2.581s] -- Up-to-date: /home/mro/Documents/pwEiTI/ANRO/git/mrozowski/wr_ws/install/my_turtlesim/share/my_turtlesim/environment/path.sh
[2.582s] -- Installing: /home/mro/Documents/pwEiTI/ANRO/git/mrozowski/wr_ws/install/my_turtlesim/share/my_turtlesim/environment/path.dsv
[2.582s] -- Up-to-date: /home/mro/Documents/pwEiTI/ANRO/git/mrozowski/wr_ws/install/my_turtlesim/share/my_turtlesim/local_setup.bash
[2.582s] -- Up-to-date: /home/mro/Documents/pwEiTI/ANRO/git/mrozowski/wr_ws/install/my_turtlesim/share/my_turtlesim/local_setup.sh
[2.582s] -- Up-to-date: /home/mro/Documents/pwEiTI/ANRO/git/mrozowski/wr_ws/install/my_turtlesim/share/my_turtlesim/local_setup.zsh
[2.582s] -- Installing: /home/mro/Documents/pwEiTI/ANRO/git/mrozowski/wr_ws/install/my_turtlesim/share/my_turtlesim/local_setup.dsv
[2.582s] -- Installing: /home/mro/Documents/pwEiTI/ANRO/git/mrozowski/wr_ws/install/my_turtlesim/share/my_turtlesim/package.dsv
[2.582s] -- Up-to-date: /home/mro/Documents/pwEiTI/ANRO/git/mrozowski/wr_ws/install/my_turtlesim/share/ament_index/resource_index/packages/my_turtlesim
[2.582s] -- Up-to-date: /home/mro/Documents/pwEiTI/ANRO/git/mrozowski/wr_ws/install/my_turtlesim/share/my_turtlesim/cmake/my_turtlesimConfig.cmake
[2.582s] -- Up-to-date: /home/mro/Documents/pwEiTI/ANRO/git/mrozowski/wr_ws/install/my_turtlesim/share/my_turtlesim/cmake/my_turtlesimConfig-version.cmake
[2.582s] -- Up-to-date: /home/mro/Documents/pwEiTI/ANRO/git/mrozowski/wr_ws/install/my_turtlesim/share/my_turtlesim/package.xml
[2.584s] Invoked command in '/home/mro/Documents/pwEiTI/ANRO/git/mrozowski/wr_ws/build/my_turtlesim' returned '0': CMAKE_PREFIX_PATH=/opt/ros/foxy /usr/bin/cmake --install /home/mro/Documents/pwEiTI/ANRO/git/mrozowski/wr_ws/build/my_turtlesim
